[    0.000000] Initializing cgroup subsys cpuset
[    0.000000] Initializing cgroup subsys cpu
[    0.000000] Initializing cgroup subsys cpuacct
[    0.000000] Linux version 4.4.0-165-generic (buildd@lgw01-amd64-027) (gcc version 5.4.0 20160609 (Ubuntu 5.4.0-6ubuntu1~16.04.10) ) #193-Ubuntu SMP Tue Sep 17 17:42:52 UTC 2019 (Ubuntu 4.4.0-165.193-generic 4.4.189)
[    0.000000] Command line: BOOT_IMAGE=/boot/vmlinuz-4.4.0-165-generic root=LABEL=cloudimg-rootfs ro console=tty1 console=ttyS0
[    0.000000] KERNEL supported cpus:
[    0.000000]   Intel GenuineIntel
[    0.000000]   AMD AuthenticAMD
[    0.000000]   Centaur CentaurHauls
[    0.000000] x86/fpu: xstate_offset[2]:  576, xstate_sizes[2]:  256
[    0.000000] x86/fpu: Supporting XSAVE feature 0x01: 'x87 floating point registers'
[    0.000000] x86/fpu: Supporting XSAVE feature 0x02: 'SSE registers'
[    0.000000] x86/fpu: Supporting XSAVE feature 0x04: 'AVX registers'
[    0.000000] x86/fpu: Enabled xstate features 0x7, context size is 832 bytes, using 'standard' format.
[    0.000000] e820: BIOS-provided physical RAM map:
[    0.000000] BIOS-e820: [mem 0x0000000000000000-0x000000000009fbff] usable
[    0.000000] BIOS-e820: [mem 0x000000000009fc00-0x000000000009ffff] reserved
[    0.000000] BIOS-e820: [mem 0x00000000000f0000-0x00000000000fffff] reserved
[    0.000000] BIOS-e820: [mem 0x0000000000100000-0x000000007ffeffff] usable
[    0.000000] BIOS-e820: [mem 0x000000007fff0000-0x000000007fffffff] ACPI data
[    0.000000] BIOS-e820: [mem 0x00000000fec00000-0x00000000fec00fff] reserved
[    0.000000] BIOS-e820: [mem 0x00000000fee00000-0x00000000fee00fff] reserved
[    0.000000] BIOS-e820: [mem 0x00000000fffc0000-0x00000000ffffffff] reserved
[    0.000000] NX (Execute Disable) protection: active
[    0.000000] SMBIOS 2.5 present.
[    0.000000] Hypervisor detected: KVM
[    0.000000] e820: last_pfn = 0x7fff0 max_arch_pfn = 0x400000000
[    0.000000] MTRR: Disabled
[    0.000000] x86/PAT: MTRRs disabled, skipping PAT initialization too.
[    0.000000] CPU MTRRs all blank - virtualized system.
[    0.000000] x86/PAT: Configuration [0-7]: WB  WT  UC- UC  WB  WT  UC- UC  
[    0.000000] found SMP MP-table at [mem 0x0009fff0-0x0009ffff] mapped at [ffff88000009fff0]
[    0.000000] Scanning 1 areas for low memory corruption
[    0.000000] RAMDISK: [mem 0x362fa000-0x37174fff]
[    0.000000] ACPI: Early table checksum verification disabled
[    0.000000] ACPI: RSDP 0x00000000000E0000 000024 (v02 VBOX  )
[    0.000000] ACPI: XSDT 0x000000007FFF0030 00003C (v01 VBOX   VBOXXSDT 00000001 ASL  00000061)
[    0.000000] ACPI: FACP 0x000000007FFF00F0 0000F4 (v04 VBOX   VBOXFACP 00000001 ASL  00000061)
[    0.000000] ACPI: DSDT 0x000000007FFF0470 0022EA (v02 VBOX   VBOXBIOS 00000002 INTL 20100528)
[    0.000000] ACPI: FACS 0x000000007FFF0200 000040
[    0.000000] ACPI: FACS 0x000000007FFF0200 000040
[    0.000000] ACPI: APIC 0x000000007FFF0240 00005C (v02 VBOX   VBOXAPIC 00000001 ASL  00000061)
[    0.000000] ACPI: SSDT 0x000000007FFF02A0 0001CC (v01 VBOX   VBOXCPUT 00000002 INTL 20100528)
[    0.000000] No NUMA configuration found
[    0.000000] Faking a node at [mem 0x0000000000000000-0x000000007ffeffff]
[    0.000000] NODE_DATA(0) allocated [mem 0x7ffeb000-0x7ffeffff]
[    0.000000] kvm-clock: Using msrs 4b564d01 and 4b564d00
[    0.000000] kvm-clock: cpu 0, msr 0:7ffe3001, primary cpu clock
[    0.000000] kvm-clock: using sched offset of 6280285727 cycles
[    0.000000] clocksource: kvm-clock: mask: 0xffffffffffffffff max_cycles: 0x1cd42e4dffb, max_idle_ns: 881590591483 ns
[    0.000000] Zone ranges:
[    0.000000]   DMA      [mem 0x0000000000001000-0x0000000000ffffff]
[    0.000000]   DMA32    [mem 0x0000000001000000-0x000000007ffeffff]
[    0.000000]   Normal   empty
[    0.000000]   Device   empty
[    0.000000] Movable zone start for each node
[    0.000000] Early memory node ranges
[    0.000000]   node   0: [mem 0x0000000000001000-0x000000000009efff]
[    0.000000]   node   0: [mem 0x0000000000100000-0x000000007ffeffff]
[    0.000000] Initmem setup node 0 [mem 0x0000000000001000-0x000000007ffeffff]
[    0.000000] ACPI: PM-Timer IO Port: 0x4008
[    0.000000] IOAPIC[0]: apic_id 2, version 32, address 0xfec00000, GSI 0-23
[    0.000000] ACPI: INT_SRC_OVR (bus 0 bus_irq 0 global_irq 2 dfl dfl)
[    0.000000] ACPI: INT_SRC_OVR (bus 0 bus_irq 9 global_irq 9 low level)
[    0.000000] Using ACPI (MADT) for SMP configuration information
[    0.000000] smpboot: Allowing 2 CPUs, 0 hotplug CPUs
[    0.000000] PM: Registered nosave memory: [mem 0x00000000-0x00000fff]
[    0.000000] PM: Registered nosave memory: [mem 0x0009f000-0x0009ffff]
[    0.000000] PM: Registered nosave memory: [mem 0x000a0000-0x000effff]
[    0.000000] PM: Registered nosave memory: [mem 0x000f0000-0x000fffff]
[    0.000000] e820: [mem 0x80000000-0xfebfffff] available for PCI devices
[    0.000000] Booting paravirtualized kernel on KVM
[    0.000000] clocksource: refined-jiffies: mask: 0xffffffff max_cycles: 0xffffffff, max_idle_ns: 7645519600211568 ns
[    0.000000] setup_percpu: NR_CPUS:512 nr_cpumask_bits:512 nr_cpu_ids:2 nr_node_ids:1
[    0.000000] PERCPU: Embedded 34 pages/cpu @ffff88007fc00000 s99544 r8192 d31528 u1048576
[    0.000000] Built 1 zonelists in Node order, mobility grouping on.  Total pages: 515960
[    0.000000] Policy zone: DMA32
[    0.000000] Kernel command line: BOOT_IMAGE=/boot/vmlinuz-4.4.0-165-generic root=LABEL=cloudimg-rootfs ro console=tty1 console=ttyS0
[    0.000000] PID hash table entries: 4096 (order: 3, 32768 bytes)
[    0.000000] Memory: 2029924K/2096696K available (8621K kernel code, 1335K rwdata, 4032K rodata, 1484K init, 1284K bss, 66772K reserved, 0K cma-reserved)
[    0.000000] SLUB: HWalign=64, Order=0-3, MinObjects=0, CPUs=2, Nodes=1
[    0.000000] Kernel/User page tables isolation: enabled
[    0.000000] Hierarchical RCU implementation.
[    0.000000] 	Build-time adjustment of leaf fanout to 64.
[    0.000000] 	RCU restricting CPUs from NR_CPUS=512 to nr_cpu_ids=2.
[    0.000000] RCU: Adjusting geometry for rcu_fanout_leaf=64, nr_cpu_ids=2
[    0.000000] NR_IRQS:33024 nr_irqs:440 16
[    0.000000] Console: colour VGA+ 80x25
[    0.000000] console [tty1] enabled
[    0.000000] console [ttyS0] enabled
[    0.000000] tsc: Detected 3096.000 MHz processor
[    0.206138] Calibrating delay loop (skipped) preset value.. 6192.00 BogoMIPS (lpj=12384000)
[    0.208342] pid_max: default: 32768 minimum: 301
[    0.209484] ACPI: Core revision 20150930
[    0.211200] ACPI: 2 ACPI AML tables successfully acquired and loaded
[    0.212808] Security Framework initialized
[    0.213828] Yama: becoming mindful.
[    0.215333] AppArmor: AppArmor initialized
[    0.218001] Dentry cache hash table entries: 262144 (order: 9, 2097152 bytes)
[    0.220171] Inode-cache hash table entries: 131072 (order: 8, 1048576 bytes)
[    0.223726] Mount-cache hash table entries: 4096 (order: 3, 32768 bytes)
[    0.225250] Mountpoint-cache hash table entries: 4096 (order: 3, 32768 bytes)
[    0.226989] Initializing cgroup subsys io
[    0.228300] Initializing cgroup subsys memory
[    0.229377] Initializing cgroup subsys devices
[    0.230513] Initializing cgroup subsys freezer
[    0.231934] Initializing cgroup subsys net_cls
[    0.233028] Initializing cgroup subsys perf_event
[    0.234607] Initializing cgroup subsys net_prio
[    0.236167] Initializing cgroup subsys hugetlb
[    0.237432] Initializing cgroup subsys pids
[    0.240155] mce: CPU supports 0 MCE banks
[    0.241549] Last level iTLB entries: 4KB 64, 2MB 8, 4MB 8
[    0.243045] Last level dTLB entries: 4KB 64, 2MB 0, 4MB 0, 1GB 4
[    0.244396] Spectre V1 : Mitigation: usercopy/swapgs barriers and __user pointer sanitization
[    0.246686] Spectre V2 : Mitigation: Full generic retpoline
[    0.248819] Spectre V2 : Spectre v2 / SpectreRSB mitigation: Filling RSB on context switch
[    0.251608] Speculative Store Bypass: Vulnerable
[    0.253622] MDS: Mitigation: Clear CPU buffers
[    0.257874] Freeing SMP alternatives memory: 36K
[    0.264862] ftrace: allocating 32318 entries in 127 pages
[    0.325775] smpboot: APIC(0) Converting physical 0 to logical package 0
[    0.328376] smpboot: Max logical packages: 1
[    0.329896] x2apic enabled
[    0.330838] Switched APIC routing to physical x2apic.
[    0.333025] ..TIMER: vector=0x30 apic1=0 pin1=2 apic2=-1 pin2=-1
[    0.441834] smpboot: CPU0: Intel(R) Core(TM) i5-7267U CPU @ 3.10GHz (family: 0x6, model: 0x8e, stepping: 0x9)
[    0.445299] Performance Events: unsupported p6 CPU model 142 no PMU driver, software events only.
[    0.458411] KVM setup paravirtual spinlock
[    0.461969] x86: Booting SMP configuration:
[    0.463415] .... node  #0, CPUs:      #1
[    0.466014] kvm-clock: cpu 1, msr 0:7ffe3041, secondary cpu clock
[    0.479251] mce: CPU supports 0 MCE banks
[    0.483232] x86: Booted up 1 node, 2 CPUs
[    0.484689] smpboot: Total of 2 processors activated (12384.00 BogoMIPS)
[    0.486960] devtmpfs: initialized
[    0.489764] evm: security.selinux
[    0.491687] evm: security.SMACK64
[    0.492597] evm: security.SMACK64EXEC
[    0.493603] evm: security.SMACK64TRANSMUTE
[    0.495550] evm: security.SMACK64MMAP
[    0.496517] evm: security.ima
[    0.497346] evm: security.capability
[    0.498535] clocksource: jiffies: mask: 0xffffffff max_cycles: 0xffffffff, max_idle_ns: 7645041785100000 ns
[    0.500983] futex hash table entries: 512 (order: 3, 32768 bytes)
[    0.502560] pinctrl core: initialized pinctrl subsystem
[    0.503937] RTC time: 16:21:32, date: 04/06/20
[    0.506867] NET: Registered protocol family 16
[    0.521983] cpuidle: using governor ladder
[    0.538287] cpuidle: using governor menu
[    0.540233] PCCT header not found.
[    0.541337] ACPI: bus type PCI registered
[    0.542760] acpiphp: ACPI Hot Plug PCI Controller Driver version: 0.5
[    0.544362] PCI: Using configuration type 1 for base access
[    0.559171] ACPI: Added _OSI(Module Device)
[    0.560836] ACPI: Added _OSI(Processor Device)
[    0.562093] ACPI: Added _OSI(3.0 _SCP Extensions)
[    0.563616] ACPI: Added _OSI(Processor Aggregator Device)
[    0.570746] ACPI: Executed 1 blocks of module-level executable AML code
[    0.576182] ACPI: Interpreter enabled
[    0.577448] ACPI: (supports S0 S5)
[    0.578563] ACPI: Using IOAPIC for interrupt routing
[    0.580300] PCI: Using host bridge windows from ACPI; if necessary, use "pci=nocrs" and report a bug
[    0.587705] ACPI: PCI Root Bridge [PCI0] (domain 0000 [bus 00-ff])
[    0.589642] acpi PNP0A03:00: _OSC: OS supports [ASPM ClockPM Segments MSI]
[    0.593191] acpi PNP0A03:00: _OSC: not requesting OS control; OS requires [ExtendedConfig ASPM ClockPM MSI]
[    0.597966] acpi PNP0A03:00: fail to add MMCONFIG information, can't access extended PCI configuration space under this bridge.
[    0.602276] PCI host bridge to bus 0000:00
[    0.603671] pci_bus 0000:00: root bus resource [io  0x0000-0x0cf7 window]
[    0.605652] pci_bus 0000:00: root bus resource [io  0x0d00-0xffff window]
[    0.608586] pci_bus 0000:00: root bus resource [mem 0x000a0000-0x000bffff window]
[    0.610676] pci_bus 0000:00: root bus resource [mem 0x80000000-0xfdffffff window]
[    0.613324] pci_bus 0000:00: root bus resource [bus 00-ff]
[    0.619330] pci 0000:00:01.1: legacy IDE quirk: reg 0x10: [io  0x01f0-0x01f7]
[    0.621966] pci 0000:00:01.1: legacy IDE quirk: reg 0x14: [io  0x03f6]
[    0.623852] pci 0000:00:01.1: legacy IDE quirk: reg 0x18: [io  0x0170-0x0177]
[    0.625460] pci 0000:00:01.1: legacy IDE quirk: reg 0x1c: [io  0x0376]
[    0.656238] pci 0000:00:07.0: quirk: [io  0x4000-0x403f] claimed by PIIX4 ACPI
[    0.659124] pci 0000:00:07.0: quirk: [io  0x4100-0x410f] claimed by PIIX4 SMB
[    0.674010] ACPI: PCI Interrupt Link [LNKA] (IRQs 5 9 10 *11)
[    0.676788] ACPI: PCI Interrupt Link [LNKB] (IRQs 5 9 *10 11)
[    0.678557] ACPI: PCI Interrupt Link [LNKC] (IRQs 5 *9 10 11)
[    0.680272] ACPI: PCI Interrupt Link [LNKD] (IRQs 5 9 10 *11)
[    0.682541] ACPI: Enabled 2 GPEs in block 00 to 07
[    0.684106] vgaarb: setting as boot device: PCI:0000:00:02.0
[    0.685706] vgaarb: device added: PCI:0000:00:02.0,decodes=io+mem,owns=io+mem,locks=none
[    0.688023] vgaarb: loaded
[    0.689056] vgaarb: bridge control possible 0000:00:02.0
[    0.690535] SCSI subsystem initialized
[    0.691582] ACPI: bus type USB registered
[    0.693027] usbcore: registered new interface driver usbfs
[    0.694913] usbcore: registered new interface driver hub
[    0.696261] usbcore: registered new device driver usb
[    0.697821] PCI: Using ACPI for IRQ routing
[    0.699229] NetLabel: Initializing
[    0.700889] NetLabel:  domain hash size = 128
[    0.702323] NetLabel:  protocols = UNLABELED CIPSOv4
[    0.703497] NetLabel:  unlabeled traffic allowed by default
[    0.705179] amd_nb: Cannot enumerate AMD northbridges
[    0.707006] clocksource: Switched to clocksource kvm-clock
[    0.716372] AppArmor: AppArmor Filesystem Enabled
[    0.717904] pnp: PnP ACPI init
[    0.719908] pnp: PnP ACPI: found 3 devices
[    0.731561] clocksource: acpi_pm: mask: 0xffffff max_cycles: 0xffffff, max_idle_ns: 2085701024 ns
[    0.734295] NET: Registered protocol family 2
[    0.736058] TCP established hash table entries: 16384 (order: 5, 131072 bytes)
[    0.738106] TCP bind hash table entries: 16384 (order: 6, 262144 bytes)
[    0.739681] TCP: Hash tables configured (established 16384 bind 16384)
[    0.741627] UDP hash table entries: 1024 (order: 3, 32768 bytes)
[    0.743122] UDP-Lite hash table entries: 1024 (order: 3, 32768 bytes)
[    0.744623] NET: Registered protocol family 1
[    0.745679] pci 0000:00:00.0: Limiting direct PCI/PCI transfers
[    0.747063] pci 0000:00:01.0: Activating ISA DMA hang workarounds
[    0.748880] Unpacking initramfs...
[    1.502650] Freeing initrd memory: 14828K
[    1.542240] clocksource: tsc: mask: 0xffffffffffffffff max_cycles: 0x2ca08564bf3, max_idle_ns: 440795312460 ns
[    1.546554] platform rtc_cmos: registered platform RTC device (no PNP device found)
[    1.559063] Scanning for low memory corruption every 60 seconds
[    1.573197] audit: initializing netlink subsys (disabled)
[    1.579443] audit: type=2000 audit(1586190100.894:1): initialized
[    1.592699] Initialise system trusted keyring
[    1.602110] HugeTLB registered 2 MB page size, pre-allocated 0 pages
[    1.611957] zbud: loaded
[    1.613676] VFS: Disk quotas dquot_6.6.0
[    1.616304] VFS: Dquot-cache hash table entries: 512 (order 0, 4096 bytes)
[    1.618941] squashfs: version 4.0 (2009/01/31) Phillip Lougher
[    1.622215] fuse init (API version 7.23)
[    1.624085] Key type big_key registered
[    1.628985] Allocating IMA MOK and blacklist keyrings.
[    1.637246] Key type asymmetric registered
[    1.638935] Asymmetric key parser 'x509' registered
[    1.641091] Block layer SCSI generic (bsg) driver version 0.4 loaded (major 249)
[    1.652441] io scheduler noop registered
[    1.654638] io scheduler deadline registered (default)
[    1.657769] io scheduler cfq registered
[    1.664152] pci_hotplug: PCI Hot Plug PCI Core version: 0.5
[    1.676714] pciehp: PCI Express Hot Plug Controller Driver version: 0.4
[    1.683292] ACPI: AC Adapter [AC] (off-line)
[    1.691021] input: Power Button as /devices/LNXSYSTM:00/LNXPWRBN:00/input/input0
[    1.693332] ACPI: Power Button [PWRF]
[    1.695834] input: Sleep Button as /devices/LNXSYSTM:00/LNXSLPBN:00/input/input1
[    1.697944] ACPI: Sleep Button [SLPF]
[    1.700521] ACPI: Battery Slot [BAT0] (battery present)
[    1.706265] GHES: HEST is not enabled!
[    1.736282] Serial: 8250/16550 driver, 32 ports, IRQ sharing enabled
[    1.771359] 00:02: ttyS0 at I/O 0x3f8 (irq = 4, base_baud = 115200) is a 16550A
[    1.786308] Linux agpgart interface v0.103
[    1.798496] loop: module loaded
[    1.801468] scsi host0: ata_piix
[    1.802842] scsi host1: ata_piix
[    1.804125] ata1: PATA max UDMA/33 cmd 0x1f0 ctl 0x3f6 bmdma 0xd000 irq 14
[    1.821573] ata2: PATA max UDMA/33 cmd 0x170 ctl 0x376 bmdma 0xd008 irq 15
[    1.831226] libphy: Fixed MDIO Bus: probed
[    1.837727] tun: Universal TUN/TAP device driver, 1.6
[    1.843114] tun: (C) 1999-2004 Max Krasnyansky <maxk@qualcomm.com>
[    1.852020] PPP generic driver version 2.4.2
[    1.858857] ehci_hcd: USB 2.0 'Enhanced' Host Controller (EHCI) Driver
[    1.861312] ehci-pci: EHCI PCI platform driver
[    1.863133] ehci-platform: EHCI generic platform driver
[    1.866216] ohci_hcd: USB 1.1 'Open' Host Controller (OHCI) Driver
[    1.869393] ohci-pci: OHCI PCI platform driver
[    1.872575] ohci-platform: OHCI generic platform driver
[    1.885404] uhci_hcd: USB Universal Host Controller Interface driver
[    1.887110] i8042: PNP: PS/2 Controller [PNP0303:PS2K,PNP0f03:PS2M] at 0x60,0x64 irq 1,12
[    1.893386] serio: i8042 KBD port at 0x60,0x64 irq 1
[    1.911019] serio: i8042 AUX port at 0x60,0x64 irq 12
[    1.925824] mousedev: PS/2 mouse device common for all mice
[    1.932405] rtc_cmos rtc_cmos: rtc core: registered rtc_cmos as rtc0
[    1.935472] rtc_cmos rtc_cmos: alarms up to one day, 114 bytes nvram
[    1.945632] input: AT Translated Set 2 keyboard as /devices/platform/i8042/serio0/input/input2
[    1.954400] i2c /dev entries driver
[    1.967748] device-mapper: uevent: version 1.0.3
[    1.982354] device-mapper: ioctl: 4.34.0-ioctl (2015-10-28) initialised: dm-devel@redhat.com
[    1.986309] ledtrig-cpu: registered to indicate activity on CPUs
[    1.997861] NET: Registered protocol family 10
[    2.001310] NET: Registered protocol family 17
[    2.002745] Key type dns_resolver registered
[    2.029046] registered taskstats version 1
[    2.064281] Loading compiled-in X.509 certificates
[    2.071654] Loaded X.509 cert 'Build time autogenerated kernel key: 0ed82eac04367aa6426493b1389455ebf6830eaa'
[    2.109965] zswap: loaded using pool lzo/zbud
[    2.121008] Key type trusted registered
[    2.151378] Key type encrypted registered
[    2.162554] AppArmor: AppArmor sha1 policy hashing enabled
[    2.168136] ima: No TPM chip found, activating TPM-bypass!
[    2.170827] ima: Allocated hash algorithm: sha1
[    2.186430] evm: HMAC attrs: 0x1
[    2.202908]   Magic number: 0:956:387
[    2.216052] rtc_cmos rtc_cmos: setting system clock to 2020-04-06 16:21:34 UTC (1586190094)
[    2.224458] BIOS EDD facility v0.16 2004-Jun-25, 0 devices found
[    2.227941] EDD information not available.
[    2.230443] Freeing unused kernel memory: 1484K
[    2.247550] Write protecting the kernel read-only data: 14336k
[    2.252364] Freeing unused kernel memory: 1608K
[    2.255158] Freeing unused kernel memory: 64K
Loading, please wait...
starting version 229
[    2.302423] random: systemd-udevd: uninitialized urandom read (16 bytes read, 3 bits of entropy available)
[    2.303213] random: udevadm: uninitialized urandom read (16 bytes read, 3 bits of entropy available)
[    2.303244] random: udevadm: uninitialized urandom read (16 bytes read, 3 bits of entropy available)
[    2.321976] random: udevadm: uninitialized urandom read (16 bytes read, 3 bits of entropy available)
[    2.322030] random: udevadm: uninitialized urandom read (16 bytes read, 3 bits of entropy available)
[    2.322264] random: udevadm: uninitialized urandom read (16 bytes read, 3 bits of entropy available)
[    2.322329] random: udevadm: uninitialized urandom read (16 bytes read, 3 bits of entropy available)
[    2.322390] random: udevadm: uninitialized urandom read (16 bytes read, 3 bits of entropy available)
[    2.322450] random: udevadm: uninitialized urandom read (16 bytes read, 3 bits of entropy available)
[    2.322509] random: udevadm: uninitialized urandom read (16 bytes read, 3 bits of entropy available)
[    2.452218] Fusion MPT base driver 3.04.20
[    2.455194] Copyright (c) 1999-2008 LSI Corporation
[    2.520971] Fusion MPT SPI Host driver 3.04.20
[    2.524630] e1000: Intel(R) PRO/1000 Network Driver - version 7.3.21-k8-NAPI
[    2.532545] e1000: Copyright (c) 1999-2006 Intel Corporation.
[    2.548365] mptbase: ioc0: Initiating bringup
[    2.566635] AVX2 version of gcm_enc/dec engaged.
[    2.571685] AES CTR mode by8 optimization enabled
[    2.702140] ioc0: LSI53C1030 A0: Capabilities={Initiator}
[    2.720789] input: ImExPS/2 Generic Explorer Mouse as /devices/platform/i8042/serio1/input/input4
[    4.282544] scsi host2: ioc0: LSI53C1030 A0, FwRev=00000000h, Ports=1, MaxQ=256, IRQ=20
[    4.662264] scsi 2:0:0:0: Direct-Access     VBOX     HARDDISK         1.0  PQ: 0 ANSI: 5
[    4.667485] scsi target2:0:0: Beginning Domain Validation
[    4.672888] scsi target2:0:0: Domain Validation skipping write tests
[    4.679240] scsi target2:0:0: Ending Domain Validation
[    4.681524] scsi target2:0:0: asynchronous
[    4.683342] scsi 2:0:1:0: Direct-Access     VBOX     HARDDISK         1.0  PQ: 0 ANSI: 5
[    4.685338] scsi target2:0:1: Beginning Domain Validation
[    4.688087] scsi target2:0:1: Domain Validation skipping write tests
[    4.690370] scsi target2:0:1: Ending Domain Validation
[    4.708188] scsi target2:0:1: asynchronous
[    4.839371] sd 2:0:0:0: Attached scsi generic sg0 type 0
[    4.849438] sd 2:0:0:0: [sda] 20971520 512-byte logical blocks: (10.7 GB/10.0 GiB)
[    4.864501] sd 2:0:0:0: [sda] Write Protect is off
[    4.870293] sd 2:0:0:0: [sda] Incomplete mode parameter data
[    4.870295] sd 2:0:0:0: [sda] Assuming drive cache: write through
[    4.877773] sd 2:0:1:0: Attached scsi generic sg1 type 0
[    4.880033] sd 2:0:1:0: [sdb] 20480 512-byte logical blocks: (10.5 MB/10.0 MiB)
[    4.882885] sd 2:0:1:0: [sdb] Write Protect is off
[    4.884567] sd 2:0:1:0: [sdb] Incomplete mode parameter data
[    4.885993] sd 2:0:1:0: [sdb] Assuming drive cache: write through
[    4.887777]  sda: sda1
[    4.892519] sd 2:0:1:0: [sdb] Attached SCSI disk
[    4.915344] sd 2:0:0:0: [sda] Attached SCSI disk
[    5.117684] e1000 0000:00:03.0 eth0: (PCI:33MHz:32-bit) 02:a6:4f:fa:c8:d6
[    5.120253] e1000 0000:00:03.0 eth0: Intel(R) PRO/1000 Network Connection
[    6.271274] e1000 0000:00:08.0 eth1: (PCI:33MHz:32-bit) 08:00:27:95:cd:b7
[    6.274664] e1000 0000:00:08.0 eth1: Intel(R) PRO/1000 Network Connection
[    6.278272] e1000 0000:00:03.0 enp0s3: renamed from eth0
[    6.300172] e1000 0000:00:08.0 enp0s8: renamed from eth1
Begin: Loading essential drivers ... [    7.746777] md: linear personality registered for level -1
[    7.751563] md: multipath personality registered for level -4
[    7.758032] md: raid0 personality registered for level 0
[    7.765380] md: raid1 personality registered for level 1
[    7.839043] raid6: sse2x1   gen() 10316 MB/s
[    7.907014] raid6: sse2x1   xor()  7694 MB/s
[    7.975048] raid6: sse2x2   gen() 13443 MB/s
[    8.043067] raid6: sse2x2   xor()  5335 MB/s
[    8.111313] raid6: sse2x4   gen() 13938 MB/s
[    8.179498] raid6: sse2x4   xor()  9834 MB/s
[    8.247328] raid6: avx2x1   gen() 17250 MB/s
[    8.315404] raid6: avx2x2   gen() 22524 MB/s
[    8.383502] raid6: avx2x4   gen() 27543 MB/s
[    8.384915] raid6: using algorithm avx2x4 gen() 27543 MB/s
[    8.386175] raid6: using avx2x2 recovery algorithm
[    8.388834] xor: automatically using best checksumming function:
[    8.427245]    avx       : 26567.000 MB/sec
[    8.429860] async_tx: api initialized (async)
[    8.443115] md: raid6 personality registered for level 6
[    8.444773] md: raid5 personality registered for level 5
[    8.446055] md: raid4 personality registered for level 4
[    8.455191] md: raid10 personality registered for level 10
done.
Begin: Running /scripts/init-premount ... done.
Begin: Mounting root file system ... Begin: Running /scripts/local-top ... done.
Begin: Running /scripts/local-premount ... [    8.487732] Btrfs loaded
Scanning for Btrfs filesystems
done.
Warning: fsck not present, so skipping root file system
[    8.556083] EXT4-fs (sda1): mounted filesystem with ordered data mode. Opts: (null)
done.
Begin: Running /scripts/local-bottom ... done.
Begin: Running /scripts/init-bottom ... done.
[    9.030247] systemd[1]: systemd 229 running in system mode. (+PAM +AUDIT +SELINUX +IMA +APPARMOR +SMACK +SYSVINIT +UTMP +LIBCRYPTSETUP +GCRYPT +GNUTLS +ACL +XZ -LZ4 +SECCOMP +BLKID +ELFUTILS +KMOD -IDN)
[    9.036709] systemd[1]: Detected virtualization oracle.
[    9.038057] systemd[1]: Detected architecture x86-64.

Welcome to [1mUbuntu 16.04.6 LTS[0m!

[    9.056910] systemd[1]: Set hostname to <master>.
[    9.277900] random: nonblocking pool is initialized
[    9.568612] systemd[1]: Set up automount Arbitrary Executable File Formats File System Automount Point.
[[0;32m  OK  [0m] Set up automount Arbitrary Executab...ats File System Automount Point.
[    9.588485] systemd[1]: Created slice System Slice.
[[0;32m  OK  [0m] Created slice System Slice.
[    9.595619] systemd[1]: Listening on Journal Socket.
[[0;32m  OK  [0m] Listening on Journal Socket.
[    9.612009] systemd[1]: Starting Uncomplicated firewall...
         Starting Uncomplicated firewall...
[    9.620668] systemd[1]: Mounting Huge Pages File System...
         Mounting Huge Pages File System...
[    9.631539] systemd[1]: Listening on udev Control Socket.
[[0;32m  OK  [0m] Listening on udev Control Socket.
[    9.636503] systemd[1]: Starting Nameserver information manager...
         Starting Nameserver information manager...
[    9.640697] systemd[1]: Listening on LVM2 metadata daemon socket.
[[0;32m  OK  [0m] Listening on LVM2 metadata daemon socket.
[    9.650854] systemd[1]: Listening on LVM2 poll daemon socket.
[[0;32m  OK  [0m] Listening on LVM2 poll daemon socket.
[    9.667689] systemd[1]: Starting Create list of required static device nodes for the current kernel...
         Starting Create list of required st... nodes for the current kernel...
[    9.676918] systemd[1]: Created slice system-postgresql.slice.
[[0;32m  OK  [0m] Created slice system-postgresql.slice.
[    9.690489] systemd[1]: Mounting POSIX Message Queue File System...
         Mounting POSIX Message Queue File System...
[    9.701244] systemd[1]: Listening on Journal Audit Socket.
[[0;32m  OK  [0m] Listening on Journal Audit Socket.
[    9.705075] systemd[1]: Listening on Journal Socket (/dev/log).
[[0;32m  OK  [0m] Listening on Journal Socket (/dev/log).
[    9.716110] systemd[1]: Reached target User and Group Name Lookups.
[[0;32m  OK  [0m] Reached target User and Group Name Lookups.
[    9.732624] systemd[1]: Starting Set console keymap...
         Starting Set console keymap...
[    9.739533] systemd[1]: Listening on Device-mapper event daemon FIFOs.
[[0;32m  OK  [0m] Listening on Device-mapper event daemon FIFOs.
[    9.750550] systemd[1]: Starting Monitoring of LVM2 mirrors, snapshots etc. using dmeventd or progress polling...
         Starting Monitoring of LVM2 mirrors... dmeventd or progress polling...
[    9.757314] systemd[1]: Started Forward Password Requests to Wall Directory Watch.
[[0;32m  OK  [0m] Started Forward Password Requests to Wall Directory Watch.
[    9.768866] systemd[1]: Reached target Encrypted Volumes.
[[0;32m  OK  [0m] Reached target Encrypted Volumes.
[    9.780255] systemd[1]: Listening on /dev/initctl Compatibility Named Pipe.
[[0;32m  OK  [0m] Listening on /dev/initctl Compatibility Named Pipe.
[    9.787884] systemd[1]: Reached target Swap.
[[0;32m  OK  [0m] Reached target Swap.
[    9.801122] systemd[1]: Started Trigger resolvconf update for networkd DNS.
[[0;32m  OK  [0m] Started Trigger resolvconf update for networkd DNS.
[    9.817344] systemd[1]: Mounting Debug File System...
         Mounting Debug File System...
[    9.822472] systemd[1]: Created slice User and Session Slice.
[[0;32m  OK  [0m] Created slice User and Session Slice.
[    9.831486] systemd[1]: Reached target Slices.
[[0;32m  OK  [0m] Reached target Slices.
[    9.836769] systemd[1]: Starting Remount Root and Kernel File Systems...
         Starting Remount Root and Kernel File Systems...
[    9.857997] EXT4-fs (sda1): re-mounted. Opts: (null)
[    9.871988] systemd[1]: Starting Load Kernel Modules...
         Starting Load Kernel Modules...
[    9.892385] systemd[1]: Listening on Syslog Socket.
[[0;32m  OK  [0m] Listening on Syslog Socket.
[    9.904131] systemd[1]: Starting Journal Service...
         Starting Journal Service...
[    9.921793] systemd[1]: Listening on udev Kernel Socket.
[[0;32m  OK  [0m] Listening on udev Kernel Socket.
[    9.938218] systemd[1]: Reached target System Time Synchronized.
[[0;32m  OK  [0m] Reached target System Time Synchronized.
[    9.961972] systemd[1]: Created slice system-serial\x2dgetty.slice.
[    9.969680] Loading iSCSI transport class v2.0-870.
[[0;32m  OK  [0m] Created slice system-serial\x2dgetty.slice.
[   10.000756] systemd[1]: Mounted Debug File System.
[[0;32m  OK  [0m] Mounted Debug File System.
[   10.005656] systemd[1]: Mounted Huge Pages File System.
[[0;32m  OK  [0m] Mounted Huge Pages File System.
[   10.017941] systemd[1]: Mounted POSIX Message Queue File System.
[[0;32m  OK  [0m] Mounted POSIX Message Queue File System.
[   10.036769] systemd[1]: Started Uncomplicated firewall.
[[0;32m  OK  [0m] Started Uncomplicated firewall.
[   10.069184] iscsi: registered transport (tcp)
[   10.080182] systemd[1]: Started Create list of required static device nodes for the current kernel.
[[0;32m  OK  [0m] Started Create list of required sta...ce nodes for the current kernel.
[   10.088749] systemd[1]: Started Set console keymap.
[[0;32m  OK  [0m] Started Set console keymap.
[   10.105563] systemd[1]: Started Remount Root and Kernel File Systems.
[[0;32m  OK  [0m] Started Remount Root and Kernel File Systems.
[   10.144674] systemd[1]: Started Nameserver information manager.
[[0;32m  OK  [0m] Started Nameserver information manager.
[   10.161793] systemd[1]: Started Journal Service.
[[0;32m  OK  [0m] Started Journal Service.
[   10.200750] iscsi: registered transport (iser)
[[0;32m  OK  [0m] Started Load Kernel Modules.
         Starting Apply Kernel Variables...
         Mounting FUSE Control File System...
[[0;32m  OK  [0m] Started LVM2 metadata daemon.
         Starting udev Coldplug all Devices...
         Starting Load/Save Random Seed...
         Starting Flush Journal to Persistent Storage...
         Starting Create Static Device Nodes in /dev...
[[0;32m  OK  [0m] Mounted FUSE Control File System.
[[0;32m  OK  [0m] Started Apply Kernel Variables.
[[0;32m  OK  [0m] Started Load/Save Random Seed.
[[0;32m  OK  [0m] Started Create Static Device Nodes in /dev.
[[0;32m  OK  [0m] Started Flush Journal to Persistent Storage.
[[0;32m  OK  [0m] Started udev Coldplug all Devices.
         Starting udev Kernel Device Manager...
[[0;32m  OK  [0m] Started udev Kernel Device Manager.
[[0;32m  OK  [0m] Started Dispatch Password Requests to Console Directory Watch.
[[0;32m  OK  [0m] Started Monitoring of LVM2 mirrors,...ng dmeventd or progress polling.
[[0;32m  OK  [0m] Reached target Local File Systems (Pre).
[[0;32m  OK  [0m] Reached target Local File Systems.
         Starting Initial cloud-init job (pre-networking)...
         Starting Create Volatile Files and Directories...
         Starting Tell Plymouth To Write Out Runtime Data...
         Starting LSB: AppArmor initialization...
         Starting Set console font and keymap...
[[0;32m  OK  [0m] Started Tell Plymouth To Write Out Runtime Data.
[[0;32m  OK  [0m] Started Create Volatile Files and Directories.
         Starting Update UTMP about System Boot/Shutdown...
[[0;32m  OK  [0m] Started Update UTMP about System Boot/Shutdown.
[[0;32m  OK  [0m] Found device /dev/ttyS0.
[[0;32m  OK  [0m] Listening on Load/Save RF Kill Switch Status /dev/rfkill Watch.
[[0;32m  OK  [0m] Found device 82540EM Gigabit Ethern...r (PRO/1000 MT Desktop Adapter).
[[0;32m  OK  [0m] Started LSB: AppArmor initialization.
[[0;32m  OK  [0m] Found device 82540EM Gigabit Ethern...r (PRO/1000 MT Desktop Adapter).
[[0;32m  OK  [0m] Started Set console font and keymap.
[[0;32m  OK  [0m] Created slice system-getty.slice.
[   12.589525] cloud-init[489]: Cloud-init v. 19.2-36-g059d049c-0ubuntu2~16.04.1 running 'init-local' at Mon, 06 Apr 2020 16:21:44 +0000. Up 12.21 seconds.
[[0;32m  OK  [0m] Started Initial cloud-init job (pre-networking).
[[0;32m  OK  [0m] Reached target Network (Pre).
         Starting Raise network interfaces...
[[0;32m  OK  [0m] Started ifup for enp0s3.
[[0;32m  OK  [0m] Started ifup for enp0s8.
[[0;32m  OK  [0m] Started Raise network interfaces.
[[0;32m  OK  [0m] Reached target Network.
         Starting Initial cloud-init job (metadata service crawler)...
[   13.836658] cloud-init[1090]: Cloud-init v. 19.2-36-g059d049c-0ubuntu2~16.04.1 running 'init' at Mon, 06 Apr 2020 16:21:45 +0000. Up 13.28 seconds.
[   13.851003] cloud-init[1090]: ci-info: ++++++++++++++++++++++++++++++++++++++Net device info+++++++++++++++++++++++++++++++++++++++
[   13.854191] cloud-init[1090]: ci-info: +--------+------+-----------------------------+---------------+--------+-------------------+
[   13.886079] cloud-init[1090]: ci-info: | Device |  Up  |           Address           |      Mask     | Scope  |     Hw-Address    |
[   13.890872] cloud-init[1090]: ci-info: +--------+------+-----------------------------+---------------+--------+-------------------+
[   13.899924] cloud-init[1090]: ci-info: | enp0s3 | True |          10.0.2.15          | 255.255.255.0 | global | 02:a6:4f:fa:c8:d6 |
[   13.912255] cloud-init[1090]: ci-info: | enp0s3 | True |  fe80::a6:4fff:fefa:c8d6/64 |       .       |  link  | 02:a6:4f:fa:c8:d6 |
[   13.915640] cloud-init[1090]: ci-info: | enp0s8 | True |         192.168.10.2        | 255.255.255.0 | global | 08:00:27:95:cd:b7 |
[   13.919305] cloud-init[1090]: ci-info: | enp0s8 | True | fe80::a00:27ff:fe95:cdb7/64 |       .       |  link  | 08:00:27:95:cd:b7 |
[   13.931421] cloud-init[1090]: ci-info: |   lo   | True |          127.0.0.1          |   255.0.0.0   |  host  |         .         |
[   13.953254] cloud-init[1090]: ci-info: |   lo   | True |           ::1/128           |       .       |  host  |         .         |
[   13.967624] cloud-init[1090]: ci-info: +--------+------+-----------------------------+---------------+--------+-------------------+
[   13.975309] cloud-init[1090]: ci-info: ++++++++++++++++++++++++++++Route IPv4 info++++++++++++++++++++++++++++
[   13.979730] cloud-init[1090]: ci-info: +-------+--------------+----------+---------------+-----------+-------+
[   13.982956] cloud-init[1090]: ci-info: | Route | Destination  | Gateway  |    Genmask    | Interface | Flags |
[   13.986436] cloud-init[1090]: ci-info: +-------+--------------+----------+---------------+-----------+-------+
[   13.994674] cloud-init[1090]: ci-info: |   0   |   0.0.0.0    | 10.0.2.2 |    0.0.0.0    |   enp0s3  |   UG  |
[   14.001538] cloud-init[1090]: ci-info: |   1   |   10.0.2.0   | 0.0.0.0  | 255.255.255.0 |   enp0s3  |   U   |
[   14.004631] cloud-init[1090]: ci-info: |   2   | 192.168.10.0 | 0.0.0.0  | 255.255.255.0 |   enp0s8  |   U   |
[   14.012308] cloud-init[1090]: ci-info: +-------+--------------+----------+---------------+-----------+-------+
[   14.019232] cloud-init[1090]: ci-info: +++++++++++++++++++Route IPv6 info+++++++++++++++++++
[   14.021859] cloud-init[1090]: ci-info: +-------+-------------+---------+-----------+-------+
[   14.029764] cloud-init[1090]: ci-info: | Route | Destination | Gateway | Interface | Flags |
[   14.034877] cloud-init[1090]: ci-info: +-------+-------------+---------+-----------+-------+
[   14.037704] cloud-init[1090]: ci-info: |   0   |  fe80::/64  |    ::   |   enp0s8  |   U   |
[   14.041156] cloud-init[1090]: ci-info: |   1   |  fe80::/64  |    ::   |   enp0s3  |   U   |
[   14.047000] cloud-init[1090]: ci-info: |   4   |   ff00::/8  |    ::   |   enp0s8  |   U   |
[   14.049114] cloud-init[1090]: ci-info: |   5   |   ff00::/8  |    ::   |   enp0s3  |   U   |
[   14.059367] cloud-init[1090]: ci-info: +-------+-------------+---------+-----------+-------+
[[0;32m  OK  [0m] Started Initial cloud-init job (metadata service crawler).
[[0;32m  OK  [0m] Reached target System Initialization.
[[0;32m  OK  [0m] Listening on ACPID Listen Socket.
[[0;32m  OK  [0m] Started Daily apt download activities.
[[0;32m  OK  [0m] Started ACPI Events Check.
[[0;32m  OK  [0m] Reached target Paths.
[[0;32m  OK  [0m] Started Daily Cleanup of Temporary Directories.
[[0;32m  OK  [0m] Started Daily apt upgrade and clean activities.
[[0;32m  OK  [0m] Listening on D-Bus System Message Bus Socket.
         Starting LXD - unix socket.
[[0;32m  OK  [0m] Reached target Timers.
[[0;32m  OK  [0m] Listening on UUID daemon activation socket.
         Starting Socket activation for snappy daemon.
[[0;32m  OK  [0m] Reached target Cloud-config availability.
[[0;32m  OK  [0m] Reached target Network is Online.
         Starting iSCSI initiator daemon (iscsid)...
[[0;32m  OK  [0m] Listening on LXD - unix socket.
[[0;32m  OK  [0m] Listening on Socket activation for snappy daemon.
[[0;32m  OK  [0m] Reached target Sockets.
[[0;32m  OK  [0m] Reached target Basic System.
         Starting Login Service...
         Starting OpenBSD Secure Shell server...
[[0;32m  OK  [0m] Started FUSE filesystem for LXC.
         Starting PostgreSQL Cluster 12-main...
[[0;32m  OK  [0m] Started Regular background program processing daemon.
[[0;32m  OK  [0m] Started Prometheus Alertmanager Service.
         Starting LSB: MD monitoring daemon...
         Starting Accounts Service...
[[0;32m  OK  [0m] Started Deferred execution scheduler.
         Starting Virtualbox guest utils...
         Starting System Logging Service...
         Starting LSB: Record successful boot for GRUB...
         Starting Snappy daemon...
[[0;32m  OK  [0m] Started D-Bus System Message Bus.
[[0;32m  OK  [0m] Started ACPI event daemon.
         Starting /etc/rc.local Compatibility...
         Starting LXD - container startup/shutdown...
[[0;32m  OK  [0m] Started System Logging Service.
[[0;32m  OK  [0m] Started iSCSI initiator daemon (iscsid).
[[0;32m  OK  [0m] Started /etc/rc.local Compatibility.
[[0;32m  OK  [0m] Started OpenBSD Secure Shell server.
[[0;32m  OK  [0m] Started Login Service.
[[0;32m  OK  [0m] Started Unattended Upgrades Shutdown.
         Starting Authenticate and Authorize Users to Run Privileged Tasks...
         Starting Login to default iSCSI targets...
[[0;32m  OK  [0m] Started LSB: Record successful boot for GRUB.
[[0;32m  OK  [0m] Started LSB: MD monitoring daemon.
[[0;32m  OK  [0m] Started Authenticate and Authorize Users to Run Privileged Tasks.
[[0;32m  OK  [0m] Started Accounts Service.
[[0;32m  OK  [0m] Started Login to default iSCSI targets.
[[0;32m  OK  [0m] Reached target Remote File Systems (Pre).
[[0;32m  OK  [0m] Reached target Remote File Systems.
         Starting Permit User Sessions...
         Starting LSB: Set the CPU Frequency Scaling governor to "ondemand"...
         Starting LSB: daemon to balance interrupts for SMP systems...
         Starting LSB: automatic crash report generation...
         Starting LSB: Start/stop sysstat's sadc...
[[0;32m  OK  [0m] Started Permit User Sessions.
         Starting Terminate Plymouth Boot Screen...
         Starting Hold until boot process finishes up...
[[0;32m  OK  [0m] Started Virtualbox guest utils.
[[0;32m  OK  [0m] Started Terminate Plymouth Boot Screen.
[[0;32m  OK  [0m] Started Hold until boot process finishes up.
[[0;32m  OK  [0m] Started Serial Getty on ttyS0.
[[0;32m  OK  [0m] Started Getty on tty1.
[[0;32m  OK  [0m] Reached target Login Prompts.
         Starting Set console scheme...
[[0;32m  OK  [0m] Started LSB: Set the CPU Frequency Scaling governor to "ondemand".
[[0;32m  OK  [0m] Started LSB: Start/stop sysstat's sadc.
[[0;32m  OK  [0m] Started LSB: daemon to balance interrupts for SMP systems.
[[0;32m  OK  [0m] Started Set console scheme.
[[0;32m  OK  [0m] Started LSB: automatic crash report generation.
[[0;32m  OK  [0m] Started LXD - container startup/shutdown.
[[0;32m  OK  [0m] Started Snappy daemon.
         Starting Wait until snapd is fully seeded...
[[0;32m  OK  [0m] Started Wait until snapd is fully seeded.
         Starting Apply the settings specified in cloud-config...
[   16.640896] cloud-init[1380]: Cloud-init v. 19.2-36-g059d049c-0ubuntu2~16.04.1 running 'modules:config' at Mon, 06 Apr 2020 16:21:49 +0000. Up 16.55 seconds.
[[0;32m  OK  [0m] Started Apply the settings specified in cloud-config.
[[0;32m  OK  [0m] Created slice User Slice of vagrant.
         Starting User Manager for UID 1000...
[[0;32m  OK  [0m] Started Session 1 of user vagrant.
[[0;32m  OK  [0m] Started User Manager for UID 1000.
[[0;32m  OK  [0m] Started PostgreSQL Cluster 12-main.
         Starting PostgreSQL RDBMS...
[[0;32m  OK  [0m] Started PostgreSQL RDBMS.
[[0;32m  OK  [0m] Reached target Multi-User System.
[[0;32m  OK  [0m] Reached target Graphical Interface.
         Starting Update UTMP about System Runlevel Changes...
         Starting Execute cloud user/final scripts...
[[0;32m  OK  [0m] Started Update UTMP about System Runlevel Changes.
[   19.687658] cloud-init[1501]: Cloud-init v. 19.2-36-g059d049c-0ubuntu2~16.04.1 running 'modules:final' at Mon, 06 Apr 2020 16:21:51 +0000. Up 19.35 seconds.
[   19.713146] cloud-init[1501]: Cloud-init v. 19.2-36-g059d049c-0ubuntu2~16.04.1 finished at Mon, 06 Apr 2020 16:21:52 +0000. Datasource DataSourceNoCloud [seed=/dev/sdb][dsmode=net].  Up 19.65 seconds
[[0;32m  OK  [0m] Started Execute cloud user/final scripts.
[[0;32m  OK  [0m] Reached target Cloud-init target.

Ubuntu 16.04.6 LTS master ttyS0

master login: 