[    0.000000] Initializing cgroup subsys cpuset
[    0.000000] Initializing cgroup subsys cpu
[    0.000000] Initializing cgroup subsys cpuacct
[    0.000000] Linux version 4.4.0-176-generic (buildd@lgw01-amd64-035) (gcc version 5.4.0 20160609 (Ubuntu 5.4.0-6ubuntu1~16.04.12) ) #206-Ubuntu SMP Fri Feb 28 05:02:04 UTC 2020 (Ubuntu 4.4.0-176.206-generic 4.4.211)
[    0.000000] Command line: BOOT_IMAGE=/boot/vmlinuz-4.4.0-176-generic root=UUID=beac4d7a-db86-4a98-900b-960dde8e7e66 ro console=tty1 console=ttyS0
[    0.000000] KERNEL supported cpus:
[    0.000000]   Intel GenuineIntel
[    0.000000]   AMD AuthenticAMD
[    0.000000]   Centaur CentaurHauls
[    0.000000] x86/fpu: xstate_offset[2]:  576, xstate_sizes[2]:  256
[    0.000000] x86/fpu: Supporting XSAVE feature 0x01: 'x87 floating point registers'
[    0.000000] x86/fpu: Supporting XSAVE feature 0x02: 'SSE registers'
[    0.000000] x86/fpu: Supporting XSAVE feature 0x04: 'AVX registers'
[    0.000000] x86/fpu: Enabled xstate features 0x7, context size is 832 bytes, using 'standard' format.
[    0.000000] e820: BIOS-provided physical RAM map:
[    0.000000] BIOS-e820: [mem 0x0000000000000000-0x000000000009fbff] usable
[    0.000000] BIOS-e820: [mem 0x000000000009fc00-0x000000000009ffff] reserved
[    0.000000] BIOS-e820: [mem 0x00000000000f0000-0x00000000000fffff] reserved
[    0.000000] BIOS-e820: [mem 0x0000000000100000-0x000000003ffeffff] usable
[    0.000000] BIOS-e820: [mem 0x000000003fff0000-0x000000003fffffff] ACPI data
[    0.000000] BIOS-e820: [mem 0x00000000fec00000-0x00000000fec00fff] reserved
[    0.000000] BIOS-e820: [mem 0x00000000fee00000-0x00000000fee00fff] reserved
[    0.000000] BIOS-e820: [mem 0x00000000fffc0000-0x00000000ffffffff] reserved
[    0.000000] NX (Execute Disable) protection: active
[    0.000000] SMBIOS 2.5 present.
[    0.000000] Hypervisor detected: KVM
[    0.000000] e820: last_pfn = 0x3fff0 max_arch_pfn = 0x400000000
[    0.000000] MTRR: Disabled
[    0.000000] x86/PAT: MTRRs disabled, skipping PAT initialization too.
[    0.000000] CPU MTRRs all blank - virtualized system.
[    0.000000] x86/PAT: Configuration [0-7]: WB  WT  UC- UC  WB  WT  UC- UC  
[    0.000000] found SMP MP-table at [mem 0x0009fff0-0x0009ffff] mapped at [ffff88000009fff0]
[    0.000000] Scanning 1 areas for low memory corruption
[    0.000000] RAMDISK: [mem 0x361cc000-0x370ddfff]
[    0.000000] ACPI: Early table checksum verification disabled
[    0.000000] ACPI: RSDP 0x00000000000E0000 000024 (v02 VBOX  )
[    0.000000] ACPI: XSDT 0x000000003FFF0030 00003C (v01 VBOX   VBOXXSDT 00000001 ASL  00000061)
[    0.000000] ACPI: FACP 0x000000003FFF00F0 0000F4 (v04 VBOX   VBOXFACP 00000001 ASL  00000061)
[    0.000000] ACPI: DSDT 0x000000003FFF0470 0022EA (v02 VBOX   VBOXBIOS 00000002 INTL 20100528)
[    0.000000] ACPI: FACS 0x000000003FFF0200 000040
[    0.000000] ACPI: FACS 0x000000003FFF0200 000040
[    0.000000] ACPI: APIC 0x000000003FFF0240 000054 (v02 VBOX   VBOXAPIC 00000001 ASL  00000061)
[    0.000000] ACPI: SSDT 0x000000003FFF02A0 0001CC (v01 VBOX   VBOXCPUT 00000002 INTL 20100528)
[    0.000000] No NUMA configuration found
[    0.000000] Faking a node at [mem 0x0000000000000000-0x000000003ffeffff]
[    0.000000] NODE_DATA(0) allocated [mem 0x3ffeb000-0x3ffeffff]
[    0.000000] kvm-clock: Using msrs 4b564d01 and 4b564d00
[    0.000000] kvm-clock: cpu 0, msr 0:3ffe3001, primary cpu clock
[    0.000000] kvm-clock: using sched offset of 4883481854 cycles
[    0.000000] clocksource: kvm-clock: mask: 0xffffffffffffffff max_cycles: 0x1cd42e4dffb, max_idle_ns: 881590591483 ns
[    0.000000] Zone ranges:
[    0.000000]   DMA      [mem 0x0000000000001000-0x0000000000ffffff]
[    0.000000]   DMA32    [mem 0x0000000001000000-0x000000003ffeffff]
[    0.000000]   Normal   empty
[    0.000000]   Device   empty
[    0.000000] Movable zone start for each node
[    0.000000] Early memory node ranges
[    0.000000]   node   0: [mem 0x0000000000001000-0x000000000009efff]
[    0.000000]   node   0: [mem 0x0000000000100000-0x000000003ffeffff]
[    0.000000] Initmem setup node 0 [mem 0x0000000000001000-0x000000003ffeffff]
[    0.000000] ACPI: PM-Timer IO Port: 0x4008
[    0.000000] IOAPIC[0]: apic_id 1, version 32, address 0xfec00000, GSI 0-23
[    0.000000] ACPI: INT_SRC_OVR (bus 0 bus_irq 0 global_irq 2 dfl dfl)
[    0.000000] ACPI: INT_SRC_OVR (bus 0 bus_irq 9 global_irq 9 low level)
[    0.000000] Using ACPI (MADT) for SMP configuration information
[    0.000000] smpboot: Allowing 1 CPUs, 0 hotplug CPUs
[    0.000000] PM: Registered nosave memory: [mem 0x00000000-0x00000fff]
[    0.000000] PM: Registered nosave memory: [mem 0x0009f000-0x0009ffff]
[    0.000000] PM: Registered nosave memory: [mem 0x000a0000-0x000effff]
[    0.000000] PM: Registered nosave memory: [mem 0x000f0000-0x000fffff]
[    0.000000] e820: [mem 0x40000000-0xfebfffff] available for PCI devices
[    0.000000] Booting paravirtualized kernel on KVM
[    0.000000] clocksource: refined-jiffies: mask: 0xffffffff max_cycles: 0xffffffff, max_idle_ns: 7645519600211568 ns
[    0.000000] setup_percpu: NR_CPUS:512 nr_cpumask_bits:512 nr_cpu_ids:1 nr_node_ids:1
[    0.000000] PERCPU: Embedded 33 pages/cpu @ffff88003fc00000 s95448 r8192 d31528 u2097152
[    0.000000] Built 1 zonelists in Node order, mobility grouping on.  Total pages: 257912
[    0.000000] Policy zone: DMA32
[    0.000000] Kernel command line: BOOT_IMAGE=/boot/vmlinuz-4.4.0-176-generic root=UUID=beac4d7a-db86-4a98-900b-960dde8e7e66 ro console=tty1 console=ttyS0
[    0.000000] PID hash table entries: 4096 (order: 3, 32768 bytes)
[    0.000000] Memory: 997252K/1048120K available (8626K kernel code, 1336K rwdata, 4032K rodata, 1488K init, 1292K bss, 50868K reserved, 0K cma-reserved)
[    0.000000] SLUB: HWalign=64, Order=0-3, MinObjects=0, CPUs=1, Nodes=1
[    0.000000] Kernel/User page tables isolation: enabled
[    0.000000] Hierarchical RCU implementation.
[    0.000000] 	Build-time adjustment of leaf fanout to 64.
[    0.000000] 	RCU restricting CPUs from NR_CPUS=512 to nr_cpu_ids=1.
[    0.000000] RCU: Adjusting geometry for rcu_fanout_leaf=64, nr_cpu_ids=1
[    0.000000] NR_IRQS:33024 nr_irqs:256 16
[    0.000000] Console: colour VGA+ 80x25
[    0.000000] console [tty1] enabled
[    0.000000] console [ttyS0] enabled
[    0.000000] tsc: Detected 3095.998 MHz processor
[    0.185537] Calibrating delay loop (skipped) preset value.. 6191.99 BogoMIPS (lpj=12383992)
[    0.188167] pid_max: default: 32768 minimum: 301
[    0.189293] ACPI: Core revision 20150930
[    0.191241] ACPI: 2 ACPI AML tables successfully acquired and loaded
[    0.192794] Security Framework initialized
[    0.193841] Yama: becoming mindful.
[    0.194753] AppArmor: AppArmor initialized
[    0.196070] Dentry cache hash table entries: 131072 (order: 8, 1048576 bytes)
[    0.200314] Inode-cache hash table entries: 65536 (order: 7, 524288 bytes)
[    0.202759] Mount-cache hash table entries: 2048 (order: 2, 16384 bytes)
[    0.204922] Mountpoint-cache hash table entries: 2048 (order: 2, 16384 bytes)
[    0.206752] Initializing cgroup subsys io
[    0.207982] Initializing cgroup subsys memory
[    0.209551] Initializing cgroup subsys devices
[    0.211175] Initializing cgroup subsys freezer
[    0.212550] Initializing cgroup subsys net_cls
[    0.213934] Initializing cgroup subsys perf_event
[    0.216870] Initializing cgroup subsys net_prio
[    0.220618] Initializing cgroup subsys hugetlb
[    0.222219] Initializing cgroup subsys pids
[    0.224330] mce: CPU supports 0 MCE banks
[    0.225733] process: using mwait in idle threads
[    0.227077] Last level iTLB entries: 4KB 64, 2MB 8, 4MB 8
[    0.228711] Last level dTLB entries: 4KB 64, 2MB 0, 4MB 0, 1GB 4
[    0.230699] Spectre V1 : Mitigation: usercopy/swapgs barriers and __user pointer sanitization
[    0.232987] Spectre V2 : Mitigation: Full generic retpoline
[    0.235297] Spectre V2 : Spectre v2 / SpectreRSB mitigation: Filling RSB on context switch
[    0.237912] Speculative Store Bypass: Vulnerable
[    0.239054] MDS: Mitigation: Clear CPU buffers
[    0.263509] Freeing SMP alternatives memory: 36K
[    0.270959] ftrace: allocating 32305 entries in 127 pages
[    0.330461] smpboot: APIC(0) Converting physical 0 to logical package 0
[    0.333125] smpboot: Max logical packages: 1
[    0.334358] x2apic enabled
[    0.335757] Switched APIC routing to physical x2apic.
[    0.337991] ..TIMER: vector=0x30 apic1=0 pin1=2 apic2=-1 pin2=-1
[    0.447874] smpboot: CPU0: Intel(R) Core(TM) i5-7267U CPU @ 3.10GHz (family: 0x6, model: 0x8e, stepping: 0x9)
[    0.451042] Performance Events: unsupported p6 CPU model 142 no PMU driver, software events only.
[    0.463353] KVM setup paravirtual spinlock
[    0.465272] x86: Booted up 1 node, 1 CPUs
[    0.466546] smpboot: Total of 1 processors activated (6191.99 BogoMIPS)
[    0.469082] devtmpfs: initialized
[    0.471764] evm: security.selinux
[    0.473201] evm: security.SMACK64
[    0.474542] evm: security.SMACK64EXEC
[    0.475799] evm: security.SMACK64TRANSMUTE
[    0.477108] evm: security.SMACK64MMAP
[    0.478430] evm: security.ima
[    0.479421] evm: security.capability
[    0.480901] clocksource: jiffies: mask: 0xffffffff max_cycles: 0xffffffff, max_idle_ns: 7645041785100000 ns
[    0.483326] futex hash table entries: 256 (order: 2, 16384 bytes)
[    0.485205] pinctrl core: initialized pinctrl subsystem
[    0.487114] RTC time:  6:08:53, date: 04/06/20
[    0.488634] NET: Registered protocol family 16
[    0.489902] cpuidle: using governor ladder
[    0.491415] cpuidle: using governor menu
[    0.492363] PCCT header not found.
[    0.493284] ACPI: bus type PCI registered
[    0.494537] acpiphp: ACPI Hot Plug PCI Controller Driver version: 0.5
[    0.496664] PCI: Using configuration type 1 for base access
[    0.499344] ACPI: Added _OSI(Module Device)
[    0.500970] ACPI: Added _OSI(Processor Device)
[    0.502369] ACPI: Added _OSI(3.0 _SCP Extensions)
[    0.503550] ACPI: Added _OSI(Processor Aggregator Device)
[    0.505611] ACPI: Executed 1 blocks of module-level executable AML code
[    0.509036] ACPI: Interpreter enabled
[    0.509994] ACPI: (supports S0 S5)
[    0.511369] ACPI: Using IOAPIC for interrupt routing
[    0.513006] PCI: Using host bridge windows from ACPI; if necessary, use "pci=nocrs" and report a bug
[    0.519693] ACPI: PCI Root Bridge [PCI0] (domain 0000 [bus 00-ff])
[    0.521875] acpi PNP0A03:00: _OSC: OS supports [ASPM ClockPM Segments MSI]
[    0.523978] acpi PNP0A03:00: _OSC: not requesting OS control; OS requires [ExtendedConfig ASPM ClockPM MSI]
[    0.526869] acpi PNP0A03:00: fail to add MMCONFIG information, can't access extended PCI configuration space under this bridge.
[    0.530366] PCI host bridge to bus 0000:00
[    0.531797] pci_bus 0000:00: root bus resource [io  0x0000-0x0cf7 window]
[    0.533460] pci_bus 0000:00: root bus resource [io  0x0d00-0xffff window]
[    0.535663] pci_bus 0000:00: root bus resource [mem 0x000a0000-0x000bffff window]
[    0.537512] pci_bus 0000:00: root bus resource [mem 0x40000000-0xfdffffff window]
[    0.539326] pci_bus 0000:00: root bus resource [bus 00-ff]
[    0.543498] pci 0000:00:01.1: legacy IDE quirk: reg 0x10: [io  0x01f0-0x01f7]
[    0.545297] pci 0000:00:01.1: legacy IDE quirk: reg 0x14: [io  0x03f6]
[    0.546865] pci 0000:00:01.1: legacy IDE quirk: reg 0x18: [io  0x0170-0x0177]
[    0.548959] pci 0000:00:01.1: legacy IDE quirk: reg 0x1c: [io  0x0376]
[    0.565648] pci 0000:00:07.0: quirk: [io  0x4000-0x403f] claimed by PIIX4 ACPI
[    0.576235] pci 0000:00:07.0: quirk: [io  0x4100-0x410f] claimed by PIIX4 SMB
[    0.589696] ACPI: PCI Interrupt Link [LNKA] (IRQs 5 9 10 *11)
[    0.592033] ACPI: PCI Interrupt Link [LNKB] (IRQs 5 9 *10 11)
[    0.594614] ACPI: PCI Interrupt Link [LNKC] (IRQs 5 *9 10 11)
[    0.596432] ACPI: PCI Interrupt Link [LNKD] (IRQs 5 9 10 *11)
[    0.598202] ACPI: Enabled 2 GPEs in block 00 to 07
[    0.600118] vgaarb: setting as boot device: PCI:0000:00:02.0
[    0.602517] vgaarb: device added: PCI:0000:00:02.0,decodes=io+mem,owns=io+mem,locks=none
[    0.604613] vgaarb: loaded
[    0.605358] vgaarb: bridge control possible 0000:00:02.0
[    0.606821] SCSI subsystem initialized
[    0.608318] ACPI: bus type USB registered
[    0.610326] usbcore: registered new interface driver usbfs
[    0.612792] usbcore: registered new interface driver hub
[    0.614626] usbcore: registered new device driver usb
[    0.616409] PCI: Using ACPI for IRQ routing
[    0.618164] NetLabel: Initializing
[    0.619201] NetLabel:  domain hash size = 128
[    0.620842] NetLabel:  protocols = UNLABELED CIPSOv4
[    0.622072] NetLabel:  unlabeled traffic allowed by default
[    0.623588] amd_nb: Cannot enumerate AMD northbridges
[    0.624828] clocksource: Switched to clocksource kvm-clock
[    0.636513] AppArmor: AppArmor Filesystem Enabled
[    0.637777] pnp: PnP ACPI init
[    0.639801] pnp: PnP ACPI: found 3 devices
[    0.648562] clocksource: acpi_pm: mask: 0xffffff max_cycles: 0xffffff, max_idle_ns: 2085701024 ns
[    0.651116] NET: Registered protocol family 2
[    0.652279] TCP established hash table entries: 8192 (order: 4, 65536 bytes)
[    0.653915] TCP bind hash table entries: 8192 (order: 5, 131072 bytes)
[    0.655437] TCP: Hash tables configured (established 8192 bind 8192)
[    0.657188] UDP hash table entries: 512 (order: 2, 16384 bytes)
[    0.659043] UDP-Lite hash table entries: 512 (order: 2, 16384 bytes)
[    0.660836] NET: Registered protocol family 1
[    0.661939] pci 0000:00:00.0: Limiting direct PCI/PCI transfers
[    0.663296] pci 0000:00:01.0: Activating ISA DMA hang workarounds
[    0.665765] Unpacking initramfs...
[    0.919647] Freeing initrd memory: 15432K
[    0.922159] clocksource: tsc: mask: 0xffffffffffffffff max_cycles: 0x2ca082f6619, max_idle_ns: 440795220240 ns
[    0.926577] platform rtc_cmos: registered platform RTC device (no PNP device found)
[    0.930231] Scanning for low memory corruption every 60 seconds
[    0.933606] audit: initializing netlink subsys (disabled)
[    0.936028] audit: type=2000 audit(1586153340.289:1): initialized
[    0.939417] Initialise system trusted keyring
[    0.942289] HugeTLB registered 2 MB page size, pre-allocated 0 pages
[    0.946920] zbud: loaded
[    0.949074] VFS: Disk quotas dquot_6.6.0
[    0.950953] VFS: Dquot-cache hash table entries: 512 (order 0, 4096 bytes)
[    0.954192] squashfs: version 4.0 (2009/01/31) Phillip Lougher
[    0.957074] fuse init (API version 7.23)
[    0.958580] Key type big_key registered
[    0.959544] Allocating IMA MOK and blacklist keyrings.
[    0.960881] Key type asymmetric registered
[    0.962380] Asymmetric key parser 'x509' registered
[    0.963555] Block layer SCSI generic (bsg) driver version 0.4 loaded (major 249)
[    0.965721] io scheduler noop registered
[    0.966725] io scheduler deadline registered (default)
[    0.969788] io scheduler cfq registered
[    0.971251] pci_hotplug: PCI Hot Plug PCI Core version: 0.5
[    0.972983] pciehp: PCI Express Hot Plug Controller Driver version: 0.4
[    0.975430] ACPI: AC Adapter [AC] (off-line)
[    0.976815] input: Power Button as /devices/LNXSYSTM:00/LNXPWRBN:00/input/input0
[    0.978683] ACPI: Power Button [PWRF]
[    0.979995] input: Sleep Button as /devices/LNXSYSTM:00/LNXSLPBN:00/input/input1
[    0.982404] ACPI: Sleep Button [SLPF]
[    0.984636] ACPI: Battery Slot [BAT0] (battery present)
[    0.986244] GHES: HEST is not enabled!
[    0.987261] Serial: 8250/16550 driver, 32 ports, IRQ sharing enabled
[    1.010794] 00:02: ttyS0 at I/O 0x3f8 (irq = 4, base_baud = 115200) is a 16550A
[    1.014152] Linux agpgart interface v0.103
[    1.018507] loop: module loaded
[    1.019908] scsi host0: ata_piix
[    1.021500] scsi host1: ata_piix
[    1.022346] ata1: PATA max UDMA/33 cmd 0x1f0 ctl 0x3f6 bmdma 0xd000 irq 14
[    1.023935] ata2: PATA max UDMA/33 cmd 0x170 ctl 0x376 bmdma 0xd008 irq 15
[    1.026173] libphy: Fixed MDIO Bus: probed
[    1.027250] tun: Universal TUN/TAP device driver, 1.6
[    1.028442] tun: (C) 1999-2004 Max Krasnyansky <maxk@qualcomm.com>
[    1.029934] PPP generic driver version 2.4.2
[    1.031301] ehci_hcd: USB 2.0 'Enhanced' Host Controller (EHCI) Driver
[    1.033284] ehci-pci: EHCI PCI platform driver
[    1.034350] ehci-platform: EHCI generic platform driver
[    1.035550] ohci_hcd: USB 1.1 'Open' Host Controller (OHCI) Driver
[    1.037282] ohci-pci: OHCI PCI platform driver
[    1.038725] ohci-platform: OHCI generic platform driver
[    1.040221] uhci_hcd: USB Universal Host Controller Interface driver
[    1.041930] i8042: PNP: PS/2 Controller [PNP0303:PS2K,PNP0f03:PS2M] at 0x60,0x64 irq 1,12
[    1.044552] serio: i8042 KBD port at 0x60,0x64 irq 1
[    1.045738] serio: i8042 AUX port at 0x60,0x64 irq 12
[    1.047026] mousedev: PS/2 mouse device common for all mice
[    1.048518] input: AT Translated Set 2 keyboard as /devices/platform/i8042/serio0/input/input2
[    1.051513] rtc_cmos rtc_cmos: rtc core: registered rtc_cmos as rtc0
[    1.053030] rtc_cmos rtc_cmos: alarms up to one day, 114 bytes nvram
[    1.054456] i2c /dev entries driver
[    1.055376] device-mapper: uevent: version 1.0.3
[    1.056542] device-mapper: ioctl: 4.34.0-ioctl (2015-10-28) initialised: dm-devel@redhat.com
[    1.059035] ledtrig-cpu: registered to indicate activity on CPUs
[    1.061030] NET: Registered protocol family 10
[    1.062739] NET: Registered protocol family 17
[    1.063843] Key type dns_resolver registered
[    1.065082] registered taskstats version 1
[    1.066126] Loading compiled-in X.509 certificates
[    1.067714] Loaded X.509 cert 'Build time autogenerated kernel key: c2b7431ed9258328a3a0cf301f850647788d8e61'
[    1.070072] zswap: loaded using pool lzo/zbud
[    1.072723] Key type trusted registered
[    1.076250] Key type encrypted registered
[    1.077603] AppArmor: AppArmor sha1 policy hashing enabled
[    1.079267] ima: No TPM chip found, activating TPM-bypass!
[    1.080948] ima: Allocated hash algorithm: sha1
[    1.082546] evm: HMAC attrs: 0x1
[    1.083978]   Magic number: 0:137:114
[    1.085621] rtc_cmos rtc_cmos: setting system clock to 2020-04-06 06:08:53 UTC (1586153333)
[    1.087788] BIOS EDD facility v0.16 2004-Jun-25, 0 devices found
[    1.089125] EDD information not available.
[    1.182489] Freeing unused kernel memory: 1488K
[    1.184468] Write protecting the kernel read-only data: 14336k
[    1.186596] Freeing unused kernel memory: 1604K
[    1.187854] Freeing unused kernel memory: 64K
Loading, please wait...
starting version 229
[    1.198819] random: udevadm: uninitialized urandom read (16 bytes read, 3 bits of entropy available)
[    1.210729] random: systemd-udevd: uninitialized urandom read (16 bytes read, 3 bits of entropy available)
[    1.216040] random: systemd-udevd: uninitialized urandom read (16 bytes read, 3 bits of entropy available)
[    1.218632] random: systemd-udevd: uninitialized urandom read (16 bytes read, 3 bits of entropy available)
[    1.221319] random: systemd-udevd: uninitialized urandom read (16 bytes read, 3 bits of entropy available)
[    1.224430] random: udevadm: uninitialized urandom read (16 bytes read, 3 bits of entropy available)
[    1.230982] random: systemd-udevd: uninitialized urandom read (16 bytes read, 3 bits of entropy available)
[    1.235544] random: systemd-udevd: uninitialized urandom read (16 bytes read, 3 bits of entropy available)
[    1.239281] random: udevadm: uninitialized urandom read (16 bytes read, 3 bits of entropy available)
[    1.242065] random: systemd-udevd: uninitialized urandom read (16 bytes read, 3 bits of entropy available)
[    1.293388] e1000: Intel(R) PRO/1000 Network Driver - version 7.3.21-k8-NAPI
[    1.295876] e1000: Copyright (c) 1999-2006 Intel Corporation.
[    1.301070] Fusion MPT base driver 3.04.20
[    1.302548] Copyright (c) 1999-2008 LSI Corporation
[    1.322919] Fusion MPT SPI Host driver 3.04.20
[    1.341249] AVX2 version of gcm_enc/dec engaged.
[    1.342892] AES CTR mode by8 optimization enabled
[    1.522019] input: ImExPS/2 Generic Explorer Mouse as /devices/platform/i8042/serio1/input/input4
[    1.727719] e1000 0000:00:03.0 eth0: (PCI:33MHz:32-bit) 02:a6:4f:fa:c8:d6
[    1.729742] e1000 0000:00:03.0 eth0: Intel(R) PRO/1000 Network Connection
[    1.731800] mptbase: ioc0: Initiating bringup
[    1.794252] ioc0: LSI53C1030 A0: Capabilities={Initiator}
[    1.959672] scsi host2: ioc0: LSI53C1030 A0, FwRev=00000000h, Ports=1, MaxQ=256, IRQ=20
[    2.075489] scsi 2:0:0:0: Direct-Access     VBOX     HARDDISK         1.0  PQ: 0 ANSI: 5
[    2.077441] scsi target2:0:0: Beginning Domain Validation
[    2.079706] scsi target2:0:0: Domain Validation skipping write tests
[    2.081694] scsi target2:0:0: Ending Domain Validation
[    2.082991] scsi target2:0:0: asynchronous
[    2.084594] scsi 2:0:1:0: Direct-Access     VBOX     HARDDISK         1.0  PQ: 0 ANSI: 5
[    2.086964] scsi target2:0:1: Beginning Domain Validation
[    2.090901] scsi target2:0:1: Domain Validation skipping write tests
[    2.093538] scsi target2:0:1: Ending Domain Validation
[    2.096170] scsi target2:0:1: asynchronous
[    2.100284] sd 2:0:0:0: Attached scsi generic sg0 type 0
[    2.106935] sd 2:0:0:0: [sda] 20971520 512-byte logical blocks: (10.7 GB/10.0 GiB)
[    2.117383] sd 2:0:1:0: Attached scsi generic sg1 type 0
[    2.119195] sd 2:0:1:0: [sdb] 20480 512-byte logical blocks: (10.5 MB/10.0 MiB)
[    2.121124] sd 2:0:1:0: [sdb] Write Protect is off
[    2.127332] sd 2:0:1:0: [sdb] Incomplete mode parameter data
[    2.129044] sd 2:0:1:0: [sdb] Assuming drive cache: write through
[    2.150081] sd 2:0:0:0: [sda] Write Protect is off
[    2.156479] sd 2:0:0:0: [sda] Incomplete mode parameter data
[    2.158239] sd 2:0:0:0: [sda] Assuming drive cache: write through
[    2.184077]  sda: sda1
[    2.185411] sd 2:0:1:0: [sdb] Attached SCSI disk
[    2.206232] sd 2:0:0:0: [sda] Attached SCSI disk
[    2.508207] e1000 0000:00:08.0 eth1: (PCI:33MHz:32-bit) 08:00:27:35:be:2e
[    2.510387] e1000 0000:00:08.0 eth1: Intel(R) PRO/1000 Network Connection
[    2.512913] e1000 0000:00:08.0 enp0s8: renamed from eth1
[    2.515854] e1000 0000:00:03.0 enp0s3: renamed from eth0
Begin: Loading essential drivers ... [    3.771030] md: linear personality registered for level -1
[    3.775364] md: multipath personality registered for level -4
[    3.779353] md: raid0 personality registered for level 0
[    3.784231] md: raid1 personality registered for level 1
[    3.857567] raid6: sse2x1   gen() 12193 MB/s
[    3.925002] raid6: sse2x1   xor()  8994 MB/s
[    3.993081] raid6: sse2x2   gen() 14252 MB/s
[    4.063405] raid6: sse2x2   xor() 10630 MB/s
[    4.132994] raid6: sse2x4   gen() 16824 MB/s
[    4.203310] raid6: sse2x4   xor() 11422 MB/s
[    4.269019] raid6: avx2x1   gen() 16661 MB/s
[    4.337169] raid6: avx2x2   gen() 17030 MB/s
[    4.405248] raid6: avx2x4   gen() 29611 MB/s
[    4.406590] raid6: using algorithm avx2x4 gen() 29611 MB/s
[    4.408004] raid6: using avx2x2 recovery algorithm
[    4.410736] xor: automatically using best checksumming function:
[    4.459343]    avx       : 47794.000 MB/sec
[    4.462470] async_tx: api initialized (async)
[    4.474568] md: raid6 personality registered for level 6
[    4.476285] md: raid5 personality registered for level 5
[    4.477537] md: raid4 personality registered for level 4
[    4.484203] md: raid10 personality registered for level 10
done.
Begin: Running /scripts/init-premount ... done.
Begin: Mounting root file system ... Begin: Running /scripts/local-top ... done.
Begin: Running /scripts/local-premount ... [    4.515126] Btrfs loaded
Scanning for Btrfs filesystems
done.
Warning: fsck not present, so skipping root file system
[    4.562693] EXT4-fs (sda1): mounted filesystem with ordered data mode. Opts: (null)
done.
Begin: Running /scripts/local-bottom ... done.
Begin: Running /scripts/init-bottom ... done.
[    4.750854] systemd[1]: systemd 229 running in system mode. (+PAM +AUDIT +SELINUX +IMA +APPARMOR +SMACK +SYSVINIT +UTMP +LIBCRYPTSETUP +GCRYPT +GNUTLS +ACL +XZ -LZ4 +SECCOMP +BLKID +ELFUTILS +KMOD -IDN)
[    4.755663] systemd[1]: Detected virtualization oracle.
[    4.757394] systemd[1]: Detected architecture x86-64.

Welcome to [1mUbuntu 16.04.6 LTS[0m!

[    4.762118] systemd[1]: Set hostname to <worker2>.
[    5.213741] systemd[1]: Reached target System Time Synchronized.
[[0;32m  OK  [0m] Reached target System Time Synchronized.
[    5.218823] systemd[1]: Listening on Device-mapper event daemon FIFOs.
[[0;32m  OK  [0m] Listening on Device-mapper event daemon FIFOs.
[    5.222045] systemd[1]: Listening on LVM2 poll daemon socket.
[[0;32m  OK  [0m] Listening on LVM2 poll daemon socket.
[    5.226679] systemd[1]: Listening on /dev/initctl Compatibility Named Pipe.
[[0;32m  OK  [0m] Listening on /dev/initctl Compatibility Named Pipe.
[    5.232612] systemd[1]: Listening on Syslog Socket.
[[0;32m  OK  [0m] Listening on Syslog Socket.
[    5.241471] systemd[1]: Started Forward Password Requests to Wall Directory Watch.
[[0;32m  OK  [0m] Started Forward Password Requests to Wall Directory Watch.
[    5.253663] systemd[1]: Listening on udev Kernel Socket.
[[0;32m  OK  [0m] Listening on udev Kernel Socket.
[    5.265488] systemd[1]: Reached target Swap.
[[0;32m  OK  [0m] Reached target Swap.
[    5.273776] systemd[1]: Reached target Encrypted Volumes.
[[0;32m  OK  [0m] Reached target Encrypted Volumes.
[    5.278102] systemd[1]: Reached target User and Group Name Lookups.
[[0;32m  OK  [0m] Reached target User and Group Name Lookups.
[    5.281844] systemd[1]: Listening on Journal Socket (/dev/log).
[[0;32m  OK  [0m] Listening on Journal Socket (/dev/log).
[    5.284908] systemd[1]: Listening on Journal Audit Socket.
[[0;32m  OK  [0m] Listening on Journal Audit Socket.
[    5.287777] systemd[1]: Created slice System Slice.
[[0;32m  OK  [0m] Created slice System Slice.
[    5.298117] systemd[1]: Created slice system-serial\x2dgetty.slice.
[[0;32m  OK  [0m] Created slice system-serial\x2dgetty.slice.
[    5.310097] systemd[1]: Listening on LVM2 metadata daemon socket.
[[0;32m  OK  [0m] Listening on LVM2 metadata daemon socket.
[    5.321735] systemd[1]: Listening on Journal Socket.
[[0;32m  OK  [0m] Listening on Journal Socket.
[    5.325806] systemd[1]: Mounting Huge Pages File System...
         Mounting Huge Pages File System...
[    5.330140] random: nonblocking pool is initialized
[    5.334894] systemd[1]: Mounting RPC Pipe File System...
         Mounting RPC Pipe File System...
[    5.342669] systemd[1]: Starting Journal Service...
         Starting Journal Service...
[    5.349675] systemd[1]: Starting Monitoring of LVM2 mirrors, snapshots etc. using dmeventd or progress polling...
         Starting Monitoring of LVM2 mirrors... dmeventd or progress polling...
[    5.357573] systemd[1]: Starting Set console keymap...
         Starting Set console keymap...
[    5.364777] systemd[1]: Starting Nameserver information manager...
         Starting Nameserver information manager...
[    5.382241] systemd[1]: Starting Create list of required static device nodes for the current kernel...
         Starting Create list of required st... nodes for the current kernel...
[    5.403704] systemd[1]: Mounting Debug File System...
         Mounting Debug File System...
[    5.431297] systemd[1]: Starting Uncomplicated firewall...
         Starting Uncomplicated firewall...
[    5.462311] systemd[1]: Starting Remount Root and Kernel File Systems...
[    5.467287] RPC: Registered named UNIX socket transport module.
[    5.470136] RPC: Registered udp transport module.
[    5.471573] RPC: Registered tcp transport module.
[    5.473493] RPC: Registered tcp NFSv4.1 backchannel transport module.
         Starting Remount Root and Kernel File Systems...
[    5.485538] systemd[1]: Mounting POSIX Message Queue File System...
         Mounting POSIX Message Queue File System...
[    5.499340] systemd[1]: Starting Load Kernel Modules...
         Starting Load Kernel Modules...
[    5.505096] systemd[1]: Set up automount Arbitrary Executable File Formats File System Automount Point.
[    5.509713] EXT4-fs (sda1): re-mounted. Opts: (null)
[[0;32m  OK  [0m] Set up automount Arbitrary Executab...ats File System Automount Point.
[    5.517360] systemd[1]: Created slice User and Session Slice.
[[0;32m  OK  [0m] Created slice User and Session Slice.
[    5.524905] systemd[1]: Reached target Slices.
[[0;32m  OK  [0m] Reached target Slices.
[    5.528081] systemd[1]: Listening on udev Control Socket.
[    5.531534] Loading iSCSI transport class v2.0-870.
[[0;32m  OK  [0m] Listening on udev Control Socket.
[    5.541608] systemd[1]: Started Trigger resolvconf update for networkd DNS.
[[0;32m  OK  [0m] Started Trigger resolvconf update for networkd DNS.
[    5.548258] systemd[1]: Mounted RPC Pipe File System.
[[0;32m  OK  [0m] Mounted RPC Pipe File System.
[    5.550794] systemd[1]: Mounted Debug File System.
[[0;32m  OK  [0m] Mounted Debug File System.
[    5.555705] systemd[1]: Mounted Huge Pages File System.
[    5.558412] iscsi: registered transport (tcp)
[[0;32m  OK  [0m] Mounted Huge Pages File System.
[    5.561098] systemd[1]: Mounted POSIX Message Queue File System.
[[0;32m  OK  [0m] Mounted POSIX Message Queue File System.
[    5.564316] systemd[1]: Started Journal Service.
[[0;32m  OK  [0m] Started Journal Service.
[[0;32m  OK  [0m] Started Create list of required sta...ce nodes for the current kernel.
[[0;32m  OK  [0m] Started Uncomplicated firewall.
[[0;32m  OK  [0m] Started Remount Root and Kernel File Systems.
[[0;32m  OK  [0m] Started Nameserver information manager.
[[0;32m  OK  [0m] Started Set console keymap.
[[0;32m  OK  [0m] Started LVM2 metadata daemon.
         Starting Load/Save Random Seed...
         Starting udev Coldplug all Devices...
         Starting Create Static Device Nodes in /dev...
         Starting Flush Journal to Persistent Storage...
[[0;32m  OK  [0m] Started Load/Save Random Seed.
[    5.735327] systemd-journald[379]: Received request to flush runtime journal from PID 1
[[0;32m  OK  [0m] Started Flush Journal to Persistent Storage.
[    5.766270] iscsi: registered transport (iser)
[[0;32m  OK  [0m] Started Load Kernel Modules.
         Starting Apply Kernel Variables...
         Mounting FUSE Control File System...
[[0;32m  OK  [0m] Mounted FUSE Control File System.
[[0;32m  OK  [0m] Started udev Coldplug all Devices.
[[0;32m  OK  [0m] Started Apply Kernel Variables.
[[0;32m  OK  [0m] Started Monitoring of LVM2 mirrors,...ng dmeventd or progress polling.
[[0;32m  OK  [0m] Started Create Static Device Nodes in /dev.
         Starting udev Kernel Device Manager...
[[0;32m  OK  [0m] Reached target Local File Systems (Pre).
[[0;32m  OK  [0m] Reached target Local File Systems.
         Starting Tell Plymouth To Write Out Runtime Data...
         Starting Create Volatile Files and Directories...
         Starting LSB: ebtables ruleset management...
         Starting Preprocess NFS configuration...
         Starting LSB: AppArmor initialization...
         Starting Initial cloud-init job (pre-networking)...
         Starting Set console font and keymap...
[[0;32m  OK  [0m] Started Tell Plymouth To Write Out Runtime Data.
[[0;32m  OK  [0m] Started Preprocess NFS configuration.
[[0;32m  OK  [0m] Reached target NFS client services.
[[0;32m  OK  [0m] Started Create Volatile Files and Directories.
         Starting Update UTMP about System Boot/Shutdown...
[[0;32m  OK  [0m] Started Update UTMP about System Boot/Shutdown.
[[0;32m  OK  [0m] Started LSB: ebtables ruleset management.
[[0;32m  OK  [0m] Started udev Kernel Device Manager.
[[0;32m  OK  [0m] Started Dispatch Password Requests to Console Directory Watch.
[[0;32m  OK  [0m] Started LSB: AppArmor initialization.
[[0;32m  OK  [0m] Found device /dev/ttyS0.
[[0;32m  OK  [0m] Listening on Load/Save RF Kill Switch Status /dev/rfkill Watch.
[[0;32m  OK  [0m] Started Set console font and keymap.
[[0;32m  OK  [0m] Created slice system-getty.slice.
[[0;32m  OK  [0m] Found device 82540EM Gigabit Ethern...r (PRO/1000 MT Desktop Adapter).
[[0;32m  OK  [0m] Found device 82540EM Gigabit Ethern...r (PRO/1000 MT Desktop Adapter).
[    8.773974] cloud-init[499]: Cloud-init v. 19.2-36-g059d049c-0ubuntu2~16.04.1 running 'init-local' at Mon, 06 Apr 2020 06:09:00 +0000. Up 8.03 seconds.
[[0;32m  OK  [0m] Started Initial cloud-init job (pre-networking).
[[0;32m  OK  [0m] Reached target Network (Pre).
[[0;32m  OK  [0m] Started ifup for enp0s8.
[[0;32m  OK  [0m] Started ifup for enp0s3.
         Starting Raise network interfaces...
[[0;32m  OK  [0m] Started Raise network interfaces.
         Starting Initial cloud-init job (metadata service crawler)...
[[0;32m  OK  [0m] Reached target Network.
[    9.910433] cloud-init[1090]: Cloud-init v. 19.2-36-g059d049c-0ubuntu2~16.04.1 running 'init' at Mon, 06 Apr 2020 06:09:02 +0000. Up 9.51 seconds.
[    9.916421] cloud-init[1090]: ci-info: ++++++++++++++++++++++++++++++++++++++Net device info+++++++++++++++++++++++++++++++++++++++
[    9.924380] cloud-init[1090]: ci-info: +--------+------+-----------------------------+---------------+--------+-------------------+
[    9.935274] cloud-init[1090]: ci-info: | Device |  Up  |           Address           |      Mask     | Scope  |     Hw-Address    |
[    9.944397] cloud-init[1090]: ci-info: +--------+------+-----------------------------+---------------+--------+-------------------+
[    9.952585] cloud-init[1090]: ci-info: | enp0s3 | True |          10.0.2.15          | 255.255.255.0 | global | 02:a6:4f:fa:c8:d6 |
[[0;32m  OK  [0m] Started Initial cloud-init job (metadata service crawler).
[[0;32m  OK  [0m] Reached target Network is Online.
         Starting iSCSI initiator daemon (iscsid)...
[[0;32m  OK  [0m] Reached target Cloud-config availability.
[[0;32m  OK  [0m] Reached target System Initialization.
[[0;32m  OK  [0m] Listening on ACPID Listen Socket.
[    9.964048] cloud-init[1090]: ci-info: | enp0s3 | True |  fe80::a6:4fff:fefa:c8d6/64 |       .       |  link  | 02:a6:4f:fa:c8:d6 |
         Starting Socket activation for snappy daemon.
[    9.993443] cloud-init[1090]: ci-info: | enp0s8 | True |         192.168.10.4        | 255.255.255.0 | global | 08:00:27:35:be:2e |
[    9.996655] cloud-init[1090]: ci-info: | enp0s8 | True | fe80::a00:27ff:fe35:be2e/64 |       .       |  link  | 08:00:27:35:be:2e |
[   10.001172] cloud-init[1090]: ci-info: |   lo   | True |          127.0.0.1          |   255.0.0.0   |  host  |         .         |
         Starting Docker Socket for the API.[   10.008404] cloud-init[1090]: ci-info: |   lo   | True |           ::1/128           |       .       |  host  |         .         |
[   10.011150] cloud-init[1090]: ci-info: +--------+------+-----------------------------+---------------+--------+-------------------+

[[0;32m  OK  [0m] Listening on UUID daemon activation socket.
[[0;32m  OK  [0m] Listening on RPCbind Server Activation Socket.
[[0;32m  OK  [0m] Started Daily Cleanup of Temporary Directories.
[   10.018717] cloud-init[1090]: ci-info: ++++++++++++++++++++++++++++Route IPv4 info++++++++++++++++++++++++++++
[[0;32m  OK  [0m] Started Daily apt download activities.
[[0;32m  OK  [0m] Started Daily apt upgrade and clean activities.
[   10.031608] cloud-init[1090]: ci-info: +-------+--------------+----------+---------------+-----------+-------+
[   10.037896] cloud-init[1090]: ci-info: | Route | Destination  | Gateway  |    Genmask    | Interface | Flags |         Starting LXD - unix socket.
[[0;32m  OK  [0m] Reached target Timers.

[[0;32m  OK  [0m] Started ACPI Events Check.
[   10.045579] cloud-init[1090]: ci-info: +-------+--------------+----------+---------------+-----------+-------+
[   10.051574] cloud-init[[0;32m  OK  [0m] Reached target Paths.
[[0;32m  OK  [0m] Listening on D-Bus System Message Bus Socket.
[1090]: ci-info: |   0   |   0.0.0.0    | 10.0.2.2 |    0.0.0.0    |   enp0s3  |   UG  |[[0;32m  OK  [0m] Listening on Socket activation for snappy daemon.
[   10.065080] cloud-init[1090]: ci-info: |   1   |   10.0.2.0   | 0.0.0.0  | 255.255.255.0 |   enp0s3  |   U   |
[[0;32m  OK  [0m] Listening on Docker Socket for the API.
[[0;32m  OK  [0m] Listening on LXD - unix socket.
[   10.073653] cloud-init[1090]: ci-info: |   2   | 192.168.10.0 | 0.0.0.0  | 255.255.255.0 |   enp0s8  |   U   |
[[0;32m  OK  [0m] Reached target Sockets.
[[0;32m  OK  [0m] Reached target Basic System.
[   10.085225] cloud-init[1090]: ci-info: +-------+--------------+----------+---------------+-----------+-------+
[   10.086340] cloud-init[1090]: ci-info: +++++++++++++++++++Route IPv6 info+++++++++++++++++++

[[0;32m  OK  [0m] Started ACPI event daemon.
[[0;32m  OK  [0m] Started Regular background program processing daemon.
         Starting /etc/rc.local Compatibility...
         Starting LXD - container startup/shutdown...
[[0;32m  OK  [0m] Started FUSE filesystem for LXC.
         Starting Accounts Service...[   10.116603] cloud-init[1090]: ci-info: +-------+-------------+---------+-----------+-------+
[[0;32m  OK  [0m] Started Deferred execution scheduler.

[   10.128698] cloud-init[1090]: ci-info: | Route | Destination | Gateway | Interface | Flags |
[   10.138118] cloud-init[1090]: ci-info: +-------+-------------+---------+-----------+-------+
[   10.139323] cloud-init[1090]: ci-info: |   0   |  fe80::/64  |    ::   |   enp0s8  |   U   |
         Starting System Logging Service...
         Starting Virtualbox guest utils...
[   10.144737] cloud-init[1090]: ci-info: |   1   |  fe80::/64  |    ::   |   enp0s3  |   U   |
[   10.151164] cloud-init[1090]: ci-info: |   4   |   ff00::/8  |    ::   |   enp0s8  |   U   |
[   10.152441] cloud-init[1090]: ci-info: |   5   |   ff00::/8  |    ::   |   enp0s3  |   U   |
         Starting OpenBSD Secure Shell server...
[[0;32m  OK  [0m] Started D-Bus System Message Bus.
[   10.165522] cloud-init[1090]: ci-info: +-------+-------------+---------+-----------+-------+
         Starting LSB: Record successful boot for GRUB...
[[0;32m  OK  [0m] Started kubelet: The Kubernetes Node Agent.
         Starting Docker Application Container Engine...
         Starting Login Service...
         Starting LSB: MD monitoring daemon...
         Starting Snappy daemon...
[[0;32m  OK  [0m] Started System Logging Service.
[[0;32m  OK  [0m] Started iSCSI initiator daemon (iscsid).
[[0;32m  OK  [0m] Started /etc/rc.local Compatibility.
         Starting Login to default iSCSI targets...
         Starting Authenticate and Authorize Users to Run Privileged Tasks...
[[0;32m  OK  [0m] Started OpenBSD Secure Shell server.
[[0;32m  OK  [0m] Started Login Service.
[[0;32m  OK  [0m] Started Unattended Upgrades Shutdown.
[[0;32m  OK  [0m] Started Login to default iSCSI targets.
[[0;32m  OK  [0m] Reached target Remote File Systems (Pre).
[[0;32m  OK  [0m] Reached target Remote File Systems.
         Starting LSB: Set up cgroupfs mounts....
         Starting Permit User Sessions...
         Starting LSB: Set the CPU Frequency Scaling governor to "ondemand"...
         Starting LSB: automatic crash report generation...
         Starting LSB: daemon to balance interrupts for SMP systems...
[[0;32m  OK  [0m] Started LSB: Record successful boot for GRUB.
[[0;32m  OK  [0m] Started Permit User Sessions.
         Starting Terminate Plymouth Boot Screen...
         Starting Hold until boot process finishes up...
[[0;32m  OK  [0m] Started LSB: MD monitoring daemon.
[[0;32m  OK  [0m] Started Terminate Plymouth Boot Screen.
[[0;32m  OK  [0m] Started Hold until boot process finishes up.
[[0;32m  OK  [0m] Started Serial Getty on ttyS0.
         Starting Set console scheme...
[[0;32m  OK  [0m] Started Getty on tty1.
[[0;32m  OK  [0m] Reached target Login Prompts.
[[0;32m  OK  [0m] Started LSB: Set up cgroupfs mounts..
[[0;32m  OK  [0m] Started Set console scheme.
[[0;32m  OK  [0m] Started Authenticate and Authorize Users to Run Privileged Tasks.
[[0;32m  OK  [0m] Started Accounts Service.
[[0;32m  OK  [0m] Started LSB: Set the CPU Frequency Scaling governor to "ondemand".
[[0;32m  OK  [0m] Started LSB: automatic crash report generation.
[[0;32m  OK  [0m] Started LSB: daemon to balance interrupts for SMP systems.
[[0;32m  OK  [0m] Started Virtualbox guest utils.
[[0;32m  OK  [0m] Created slice User Slice of vagrant.
         Starting User Manager for UID 1000...
[[0;32m  OK  [0m] Started LXD - container startup/shutdown.
[[0;32m  OK  [0m] Started Session 1 of user vagrant.
[[0;32m  OK  [0m] Started User Manager for UID 1000.
[[0;32m  OK  [0m] Started Snappy daemon.
         Starting Wait until snapd is fully seeded...
[[0;32m  OK  [0m] Started Wait until snapd is fully seeded.
         Starting Apply the settings specified in cloud-config...
[[0;32m  OK  [0m] Started Kubernetes systemd probe.
[   13.993593] cloud-init[1448]: Cloud-init v. 19.2-36-g059d049c-0ubuntu2~16.04.1 running 'modules:config' at Mon, 06 Apr 2020 06:09:06 +0000. Up 13.58 seconds.
[[0;32m  OK  [0m] Started Apply the settings specified in cloud-config.
         Stopping User Manager for UID 1000...
[[0;32m  OK  [0m] Stopped User Manager for UID 1000.
[[0;32m  OK  [0m] Removed slice User Slice of vagrant.
[[0;32m  OK  [0m] Started Docker Application Container Engine.
[[0;32m  OK  [0m] Reached target Multi-User System.
[[0;32m  OK  [0m] Reached target Graphical Interface.
         Starting Upd         Stopping Session 3 of user vagrant.
[[0;32m  OK  [0m] Closed Load/Save RF Kill Switch Status /dev/rfkill Watch.
         Stopping ACPI event daemon...
         Stopping Authenticate and Authorize Users to Run Privileged Tasks...
         Stopping User Manager for UID 1000...
[[0;32m  OK  [0m] Stopped target Graphical Interface.
         Unmounting RPC Pipe File System...
[[0;32m  OK  [0m] Stopped target Cloud-init target.
         Stopping Accounts Service...
[[0;32m  OK  [0m] Stopped Execute cloud user/final scripts.
[[0;32m  OK  [0m] Stopped Apply the settings specified in cloud-config.
[[0;32m  OK  [0m] Stopped target Cloud-config availability.
[[0;32m  OK  [0m] Stopped target Timers.
[[0;32m  OK  [0m] Stopped Daily Cleanup of Temporary Directories.
[[0;32m  OK  [0m] Stopped Daily apt upgrade and clean activities.
[[0;32m  OK  [0m] Stopped Daily apt download activities.
[[0;32m  OK  [0m] Stopped target System Time Synchronized.
[[0;32m  OK  [0m] Stopped target Multi-User System.
         Stopping OpenBSD Secure Shell server...
         Stopping LSB: Set the CPU Frequency Scaling governor to "ondemand"...
         Stopping Deferred execution scheduler...
         Stopping LXD - container startup/shutdown...
         Stopping LSB: automatic crash report generation...
         Stopping D-Bus System Message Bus...
         Stopping LSB: Set up cgroupfs mounts....
         Stopping LSB: daemon to balance interrupts for SMP systems...
         Stopping LSB: Record successful boot for GRUB...
         Stopping kubelet: The Ku         Stopping ACPI event daemon...
         Stopping Session 3 of user vagrant.
[[0;32m  OK  [0m] Stopped target Graphical Interface.
         Stopping Accounts Service...
         Stopping User Manager for UID 1000...
[[0;32m  OK  [0m] Closed Load/Save RF Kill Switch Status /dev/rfkill Watch.
[[0;32m  OK  [0m] Stopped target Timers.
[[0;32m  OK  [0m] Stopped Daily apt upgrade and clean activities.
[[0;32m  OK  [0m] Stopped target Cloud-init target.
[[0;32m  OK  [0m] Stopped Daily Cleanup of Temporary Directories.
[[0;32m  OK  [0m] Stopped Daily apt download activities.
[[0;32m  OK  [0m] Stopped target RPC Port Mapper.
[[0;32m  OK  [0m] Stopped Execute cloud user/final scripts.
[[0;32m  OK  [0m] Stopped Apply the settings specified in cloud-config.
[[0;32m  OK  [0m] Stopped target Cloud-config availability.
[[0;32m  OK  [0m] Stopped target Multi-User System.
         Stopping LSB: Set up cgroupfs mounts....
         Stopping LSB: MD monitoring daemon...
         Stopping LSB: daemon to balance interrupts for SMP systems...
         Stopping System Logging Service...
         Stopping D-Bus System Message Bus...
         Stopping Deferred execution scheduler...
[[0;32m  OK  [0m] Stopped Wait until snapd is fully seeded.
         Stopping Regular background program processing daemon...
         Stopping FUSE filesystem for LXC...
         Stopping LSB: automatic crash report generation...
         Stopping kubelet: The Kubernetes Node Agent...
         Stopping Unattended Upgrades Shutdown...
[[0;32m  OK  [0m] Stopped target Login Prompts.
         Stopping Serial Getty on ttyS0...
         Stopping Getty on tty1...
         Stopping Authenticate and Authorize Users to Run Privileged Tasks...
         Stopping LXD - container startup/shutdown...
         Stopping LSB: Set the CPU Frequency Scaling governor to "ondemand"...
[[0;32m  OK  [0m] Stopped target System Time Synchronized.
         Stopping Virtualbox guest utils...
         Stopping Docker Application Container Engine...
         Stopping OpenBSD Secure Shell server...
         Stopping LSB: Record successful boot for GRUB...
[[0;32m  OK  [0m] Unmounted /var/lib/lxcfs.
[[0;32m  OK  [0m] Stopped ACPI event daemon.
[[0;32m  OK  [0m] Stopped System Logging Service.
[[0;32m  OK  [0m] Stopped kubelet: The Kubernetes Node Agent.
[[0;32m  OK  [0m] Stopped Accounts Service.
[[0;32m  OK  [0m] Stopped Regular background program processing daemon.
[[0;32m  OK  [0m] Stopped Deferred execution scheduler.
[[0;32m  OK  [0m] Stopped OpenBSD Secure Shell server.
[[0;32m  OK  [0m] Stopped Authenticate and Authorize Users to Run Privileged Tasks.
[[0;32m  OK  [0m] Stopped Getty on tty1.
[[0;32m  OK  [0m] Stopped Serial Getty on ttyS0.
[[0;32m  OK  [0m] Stopped User Manager for UID 1000.
[[0;32m  OK  [0m] Stopped Session 3 of user vagrant.
[[0;32m  OK  [0m] Stopped LSB: Set up cgroupfs mounts..
[[0;32m  OK  [0m] Stopped D-Bus System Message Bus.
[[0;32m  OK  [0m] Stopped FUSE filesystem for LXC.
[[0;32m  OK  [0m] Stopped LXD - container startup/shutdown.
[[0;32m  OK  [0m] Stopped Unattended Upgrades Shutdown.
[[0;32m  OK  [0m] Removed slice User Slice of vagrant.
         Stopping Login Service...
[[0;32m  OK  [0m] Removed slice system-serial\x2dgetty.slice.
[[0;32m  OK  [0m] Stopped /etc/rc.local Compatibility.
         Stopping Permit User Sessions...
[[0;32m  OK  [0m] Removed slice system-getty.slice.
[[0;32m  OK  [0m] Stopped Login Service.
[[0;32m  OK  [0m] Stopped LSB: Set the CPU Frequency Scaling governor to "ondemand".
[[0;32m  OK  [0m] Stopped Permit User Sessions.
[[0;32m  OK  [0m] Stopped LSB: Record successful boot for GRUB.
[[0;32m  OK  [0m] Stopped target User and Group Name Lookups.
[[0;32m  OK  [0m] Stopped LSB: MD monitoring daemon.
[[0;32m  OK  [0m] Stopped LSB: daemon to balance interrupts for SMP systems.
[[0;32m  OK  [0m] Stopped LSB: automatic crash report generation.
[[0;32m  OK  [0m] Stopped target Remote File Systems.
[[0;32m  OK  [0m] Stopped target Remote File Systems (Pre).
         Stopping NFS server and services...
         Stopping RPC bind portmap service...
         Stopping Login to default iSCSI targets...
[[0;32m  OK  [0m] Stopped target NFS client services.
[[0;32m  OK  [0m] Stopped RPC bind portmap service.
[[0;32m  OK  [0m] Stopped Virtualbox guest utils.
[[0;32m  OK  [0m] Stopped NFS server and services.
         Stopping NFS Mount Daemon...
         Stopping NFSv4 ID-name mapping service...
[[0;32m  OK  [0m] Stopped NFSv4 ID-name mapping service.
         Unmounting RPC Pipe File System...
[[0;32m  OK  [0m] Stopped NFS Mount Daemon.
[[0;32m  OK  [0m] Unmounted RPC Pipe File System.
[[0;32m  OK  [0m] Stopped Login to default iSCSI targets.
         Stopping iSCSI initiator daemon (iscsid)...
[[0;32m  OK  [0m] Stopped iSCSI initiator daemon (iscsid).
[[0;32m  OK  [0m] Unmounted /var/lib/docker/container...ee698e03fad170718c23/mounts/shm.
[[0;32m  OK  [0m] Unmounted /var/lib/docker/overlay2/...20b2be3eafc5498523aa277e/merged.
[[0;32m  OK  [0m] Unmounted /var/lib/docker/overlay2/...f6b28905769bd9fe9c076058/merged.
[[0;32m  OK  [0m] Unmounted /var/lib/docker/container...f7f24d477a05d7805584/mounts/shm.
[[0;32m  OK  [0m] Unmounted /var/lib/docker/overlay2/...b8629dcc69cf891aecb22727/merged.
[[0;32m  OK  [0m] Unmounted /var/lib/docker/overlay2/...c9a36bac8026da74c435a7e2/merged.
[[0;32m  OK  [0m] Unmounted /var/lib/docker/container...1599ad920b7a7f8653b6/mounts/shm.
[[0;32m  OK  [0m] Unmounted /var/lib/docker/container...5b52f7bccf89aae2941e/mounts/shm.
[[0;32m  OK  [0m] Unmounted /var/lib/docker/overlay2/...a03ba24dc5a1548fbc05ef13/merged.
[[0;32m  OK  [0m] Unmounted /var/lib/docker/overlay2/...837d5eddd9a18a503661ad2b/merged.
[[0;32m  OK  [0m] Unmounted /var/lib/docker/overlay2/...829a51cd79e0cc9e64bcf73e/merged.
[[0;32m  OK  [0m] Unmounted /var/lib/docker/container...85dd62a8f8321c315cb2/mounts/shm.
[[0;32m  OK  [0m] Unmounted /var/lib/docker/container...0dfa71a5686e00ccdbb3/mounts/shm.
[[0;32m  OK  [0m] Unmounted /var/lib/docker/overlay2/...0c3aa5af083a0158bea2874d/merged.
[[0;32m  OK  [0m] Unmounted /var/lib/docker/overlay2/...f83f0fb6c55d1846a1626642/merged.
[[0;32m  OK  [0m] Unmounted /var/lib/docker/overlay2/...e1451102fd4af908c26f7f71/merged.
[[0;32m  OK  [0m] Unmounted /var/lib/docker/overlay2/...68389a5899108b207e9e819b/merged.
[[0;32m  OK  [0m] Stopped Docker Application Container Engine.
[[0;32m  OK  [0m] Stopped target Network is Online.
[[0;32m  OK  [0m] Stopped target Network.
[[0;32m  OK  [0m] Stopped target Basic System.
[[0;32m  OK  [0m] Stopped target Slices.
[[0;32m  OK  [0m] Removed slice User and Session Slice.
[[0;32m  OK  [0m] Stopped target Paths.
[[0;32m  OK  [0m] Stopped Dispatch Password Requests to Console Directory Watch.
[[0;32m  OK  [0m] Stopped ACPI Events Check.
[[0;32m  OK  [0m] Stopped Forward Password Requests to Wall Directory Watch.
[[0;32m  OK  [0m] Stopped target Sockets.
[[0;32m  OK  [0m] Closed UUID daemon activation socket.
[[0;32m  OK  [0m] Closed D-Bus System Message Bus Socket.
[[0;32m  OK  [0m] Closed LXD - unix socket.
[[0;32m  OK  [0m] Closed RPCbind Server Activation Socket.
[[0;32m  OK  [0m] Closed Socket activation for snappy daemon.
[[0;32m  OK  [0m] Closed ACPID Listen Socket.
[[0;32m  OK  [0m] Closed Syslog Socket.
[[0;32m  OK  [0m] Closed Docker Socket for the API.
[[0;32m  OK  [0m] Stopped target System Initialization.
[[0;32m  OK  [0m] Stopped Initial cloud-init job (metadata service crawler).
         Stopping Raise network interfaces...
         Stopping LSB: ebtables ruleset management...
[[0;32m  OK  [0m] Stopped Create Volatile Files and Directories.
         Stopping Load/Save Random Seed...
[[0;32m  OK  [0m] Stopped target Encrypted Volumes.
[[0;32m  OK  [0m] Stopped target Swap.
[[0;32m  OK  [0m] Stopped Load/Save Random Seed.
[[0;32m  OK  [0m] Stopped LSB: ebtables ruleset management.
[[0;32m  OK  [0m] Stopped Raise network interfaces.
[[0;32m  OK  [0m] Stopped Apply Kernel Variables.
[[0;32m  OK  [0m] Stopped target Local File Systems.
         Unmounting /vagrant...
         Unmounting /run/user/1000...
         Unmounting /run/docker/netns/default...
         Unmounting /var/lib/kubelet/pods/ae...secret/kube-proxy-token-8qpzq...
         Unmounting /var/lib/kubelet/pods/ea...io~secret/flannel-token-j7xgn...
[[0;32m  OK  [0m] Stopped target Network (Pre).
[[0;32m  OK  [0m] Stopped Initial cloud-init job (pre-networking).
[[0;32m  OK  [0m] Stopped Load Kernel Modules.
[[0;1;31mFAILED[0m] Failed unmounting /vagrant.
[[0;32m  OK  [0m] Unmounted /run/user/1000.
[[0;32m  OK  [0m] Unmounted /run/docker/netns/default.
[[0;32m  OK  [0m] Unmounted /var/lib/kubelet/pods/ae5...o~secret/kube-proxy-token-8qpzq.
[[0;32m  OK  [0m] Unmounted /var/lib/kubelet/pods/ea2...s.io~secret/flannel-token-j7xgn.
[[0;32m  OK  [0m] Reached target Unmount All Filesystems.
[[0;32m  OK  [0m] Stopped target Local File Systems (Pre).
[[0;32m  OK  [0m] Stopped Remount Root and Kernel File Systems.
         Stopping Monitoring of LVM2 mirrors... dmeventd or progress polling...
[[0;32m  OK  [0m] Stopped Create Static Device Nodes in /dev.
[[0;32m  OK  [0m] Reached target Shutdown.
[  577.594428] reboot: Power down
